{"D:\\86198\\Web\\blindboxmall-fronted\\test-avatar-fix.js": {"path":"D:\\86198\\Web\\blindboxmall-fronted\\test-avatar-fix.js","all":true,"statementMap":{"0":{"start":{"line":1,"column":0},"end":{"line":1,"column":0}}},"s":{"0":0},"branchMap":{"0":{"type":"branch","line":1,"loc":{"start":{"line":1,"column":0},"end":{"line":1,"column":0}},"locations":[{"start":{"line":1,"column":0},"end":{"line":1,"column":0}}]}},"b":{"0":[0]},"fnMap":{"0":{"name":"(empty-report)","decl":{"start":{"line":1,"column":0},"end":{"line":1,"column":0}},"loc":{"start":{"line":1,"column":0},"end":{"line":1,"column":0}},"line":1}},"f":{"0":0}}
,"D:\\86198\\Web\\blindboxmall-fronted\\src\\App.jsx": {"path":"D:\\86198\\Web\\blindboxmall-fronted\\src\\App.jsx","all":true,"statementMap":{"0":{"start":{"line":1,"column":0},"end":{"line":1,"column":26}},"1":{"start":{"line":2,"column":0},"end":{"line":2,"column":42}},"2":{"start":{"line":3,"column":0},"end":{"line":3,"column":41}},"3":{"start":{"line":4,"column":0},"end":{"line":4,"column":19}},"5":{"start":{"line":6,"column":0},"end":{"line":6,"column":16}},"6":{"start":{"line":7,"column":0},"end":{"line":7,"column":10}},"7":{"start":{"line":8,"column":0},"end":{"line":8,"column":25}},"8":{"start":{"line":9,"column":0},"end":{"line":9,"column":16}},"9":{"start":{"line":10,"column":0},"end":{"line":10,"column":37}},"10":{"start":{"line":11,"column":0},"end":{"line":11,"column":18}},"11":{"start":{"line":12,"column":0},"end":{"line":12,"column":13}},"12":{"start":{"line":13,"column":0},"end":{"line":13,"column":10}},"14":{"start":{"line":15,"column":0},"end":{"line":15,"column":1}},"16":{"start":{"line":17,"column":0},"end":{"line":17,"column":19}}},"s":{"0":0,"1":0,"2":0,"3":0,"5":0,"6":0,"7":0,"8":0,"9":0,"10":0,"11":0,"12":0,"14":0,"16":0},"branchMap":{"0":{"type":"branch","line":1,"loc":{"start":{"line":1,"column":313},"end":{"line":17,"column":19}},"locations":[{"start":{"line":1,"column":313},"end":{"line":17,"column":19}}]}},"b":{"0":[0]},"fnMap":{"0":{"name":"(empty-report)","decl":{"start":{"line":1,"column":313},"end":{"line":17,"column":19}},"loc":{"start":{"line":1,"column":313},"end":{"line":17,"column":19}},"line":1}},"f":{"0":0}}
,"D:\\86198\\Web\\blindboxmall-fronted\\src\\main.jsx": {"path":"D:\\86198\\Web\\blindboxmall-fronted\\src\\main.jsx","all":true,"statementMap":{"0":{"start":{"line":1,"column":0},"end":{"line":1,"column":26}},"1":{"start":{"line":2,"column":0},"end":{"line":2,"column":40}},"2":{"start":{"line":3,"column":0},"end":{"line":3,"column":50}},"3":{"start":{"line":4,"column":0},"end":{"line":4,"column":37}},"4":{"start":{"line":5,"column":0},"end":{"line":5,"column":21}},"5":{"start":{"line":6,"column":0},"end":{"line":6,"column":47}},"6":{"start":{"line":7,"column":0},"end":{"line":7,"column":48}},"9":{"start":{"line":10,"column":0},"end":{"line":10,"column":45}},"10":{"start":{"line":11,"column":0},"end":{"line":11,"column":20}},"11":{"start":{"line":12,"column":0},"end":{"line":12,"column":38}},"12":{"start":{"line":13,"column":0},"end":{"line":13,"column":19}},"13":{"start":{"line":14,"column":0},"end":{"line":14,"column":26}},"14":{"start":{"line":15,"column":0},"end":{"line":15,"column":22}},"15":{"start":{"line":16,"column":0},"end":{"line":16,"column":29}},"16":{"start":{"line":17,"column":0},"end":{"line":17,"column":25}},"17":{"start":{"line":18,"column":0},"end":{"line":18,"column":18}},"18":{"start":{"line":19,"column":0},"end":{"line":19,"column":17}},"19":{"start":{"line":20,"column":0},"end":{"line":20,"column":22}},"20":{"start":{"line":21,"column":0},"end":{"line":21,"column":15}},"21":{"start":{"line":22,"column":0},"end":{"line":22,"column":18}},"22":{"start":{"line":23,"column":0},"end":{"line":23,"column":19}},"23":{"start":{"line":24,"column":0},"end":{"line":24,"column":6}},"24":{"start":{"line":25,"column":0},"end":{"line":25,"column":21}},"26":{"start":{"line":27,"column":0},"end":{"line":27,"column":4}},"27":{"start":{"line":28,"column":0},"end":{"line":28,"column":38}},"28":{"start":{"line":29,"column":0},"end":{"line":29,"column":19}},"29":{"start":{"line":30,"column":0},"end":{"line":30,"column":26}},"30":{"start":{"line":31,"column":0},"end":{"line":31,"column":22}},"31":{"start":{"line":32,"column":0},"end":{"line":32,"column":29}},"32":{"start":{"line":33,"column":0},"end":{"line":33,"column":25}},"33":{"start":{"line":34,"column":0},"end":{"line":34,"column":18}},"34":{"start":{"line":35,"column":0},"end":{"line":35,"column":17}},"35":{"start":{"line":36,"column":0},"end":{"line":36,"column":22}},"36":{"start":{"line":37,"column":0},"end":{"line":37,"column":15}},"37":{"start":{"line":38,"column":0},"end":{"line":38,"column":18}},"38":{"start":{"line":39,"column":0},"end":{"line":39,"column":19}},"39":{"start":{"line":40,"column":0},"end":{"line":40,"column":6}},"40":{"start":{"line":41,"column":0},"end":{"line":41,"column":5}},"43":{"start":{"line":44,"column":0},"end":{"line":44,"column":75}}},"s":{"0":0,"1":0,"2":0,"3":0,"4":0,"5":0,"6":0,"9":0,"10":0,"11":0,"12":0,"13":0,"14":0,"15":0,"16":0,"17":0,"18":0,"19":0,"20":0,"21":0,"22":0,"23":0,"24":0,"26":0,"27":0,"28":0,"29":0,"30":0,"31":0,"32":0,"33":0,"34":0,"35":0,"36":0,"37":0,"38":0,"39":0,"40":0,"43":0},"branchMap":{"0":{"type":"branch","line":1,"loc":{"start":{"line":1,"column":373},"end":{"line":44,"column":-612}},"locations":[{"start":{"line":1,"column":373},"end":{"line":44,"column":-612}}]}},"b":{"0":[0]},"fnMap":{"0":{"name":"(empty-report)","decl":{"start":{"line":1,"column":373},"end":{"line":44,"column":-612}},"loc":{"start":{"line":1,"column":373},"end":{"line":44,"column":-612}},"line":1}},"f":{"0":0}}
,"D:\\86198\\Web\\blindboxmall-fronted\\src\\components\\AddressManageModal.jsx": {"path":"D:\\86198\\Web\\blindboxmall-fronted\\src\\components\\AddressManageModal.jsx","all":false,"statementMap":{"0":{"start":{"line":1,"column":0},"end":{"line":1,"column":64}},"1":{"start":{"line":2,"column":0},"end":{"line":2,"column":33}},"3":{"start":{"line":4,"column":0},"end":{"line":4,"column":88}},"4":{"start":{"line":5,"column":0},"end":{"line":5,"column":39}},"5":{"start":{"line":6,"column":0},"end":{"line":6,"column":48}},"6":{"start":{"line":7,"column":0},"end":{"line":7,"column":41}},"7":{"start":{"line":8,"column":0},"end":{"line":8,"column":49}},"8":{"start":{"line":9,"column":0},"end":{"line":9,"column":134}},"9":{"start":{"line":10,"column":0},"end":{"line":10,"column":50}},"11":{"start":{"line":12,"column":0},"end":{"line":12,"column":45}},"12":{"start":{"line":13,"column":0},"end":{"line":13,"column":21}},"13":{"start":{"line":14,"column":0},"end":{"line":14,"column":9}},"14":{"start":{"line":15,"column":0},"end":{"line":15,"column":77}},"15":{"start":{"line":16,"column":0},"end":{"line":16,"column":35}},"16":{"start":{"line":17,"column":0},"end":{"line":17,"column":13}},"17":{"start":{"line":18,"column":0},"end":{"line":18,"column":25}},"18":{"start":{"line":19,"column":0},"end":{"line":19,"column":15}},"19":{"start":{"line":20,"column":0},"end":{"line":20,"column":24}},"20":{"start":{"line":21,"column":0},"end":{"line":21,"column":5}},"21":{"start":{"line":22,"column":0},"end":{"line":22,"column":15}},"23":{"start":{"line":24,"column":0},"end":{"line":24,"column":19}},"24":{"start":{"line":25,"column":0},"end":{"line":25,"column":26}},"25":{"start":{"line":26,"column":0},"end":{"line":26,"column":24}},"27":{"start":{"line":28,"column":0},"end":{"line":28,"column":32}},"28":{"start":{"line":29,"column":0},"end":{"line":29,"column":22}},"29":{"start":{"line":30,"column":0},"end":{"line":30,"column":25}},"30":{"start":{"line":31,"column":0},"end":{"line":31,"column":24}},"31":{"start":{"line":32,"column":0},"end":{"line":32,"column":4}},"32":{"start":{"line":33,"column":0},"end":{"line":33,"column":27}},"33":{"start":{"line":34,"column":0},"end":{"line":34,"column":22}},"34":{"start":{"line":35,"column":0},"end":{"line":35,"column":111}},"35":{"start":{"line":36,"column":0},"end":{"line":36,"column":23}},"36":{"start":{"line":37,"column":0},"end":{"line":37,"column":4}},"37":{"start":{"line":38,"column":0},"end":{"line":38,"column":38}},"38":{"start":{"line":39,"column":0},"end":{"line":39,"column":45}},"39":{"start":{"line":40,"column":0},"end":{"line":40,"column":67}},"40":{"start":{"line":41,"column":0},"end":{"line":41,"column":16}},"41":{"start":{"line":42,"column":0},"end":{"line":42,"column":4}},"42":{"start":{"line":43,"column":0},"end":{"line":43,"column":42}},"43":{"start":{"line":44,"column":0},"end":{"line":44,"column":72}},"44":{"start":{"line":45,"column":0},"end":{"line":45,"column":16}},"45":{"start":{"line":46,"column":0},"end":{"line":46,"column":43}},"46":{"start":{"line":47,"column":0},"end":{"line":47,"column":4}},"47":{"start":{"line":48,"column":0},"end":{"line":48,"column":41}},"48":{"start":{"line":49,"column":0},"end":{"line":49,"column":23}},"49":{"start":{"line":50,"column":0},"end":{"line":50,"column":29}},"50":{"start":{"line":51,"column":0},"end":{"line":51,"column":62}},"51":{"start":{"line":52,"column":0},"end":{"line":52,"column":34}},"52":{"start":{"line":53,"column":0},"end":{"line":53,"column":26}},"53":{"start":{"line":54,"column":0},"end":{"line":54,"column":32}},"54":{"start":{"line":55,"column":0},"end":{"line":55,"column":24}},"55":{"start":{"line":56,"column":0},"end":{"line":56,"column":32}},"56":{"start":{"line":57,"column":0},"end":{"line":57,"column":28}},"57":{"start":{"line":58,"column":0},"end":{"line":58,"column":35}},"58":{"start":{"line":59,"column":0},"end":{"line":59,"column":9}},"59":{"start":{"line":60,"column":0},"end":{"line":60,"column":12}},"60":{"start":{"line":61,"column":0},"end":{"line":61,"column":62}},"61":{"start":{"line":62,"column":0},"end":{"line":62,"column":24}},"62":{"start":{"line":63,"column":0},"end":{"line":63,"column":34}},"63":{"start":{"line":64,"column":0},"end":{"line":64,"column":26}},"64":{"start":{"line":65,"column":0},"end":{"line":65,"column":32}},"65":{"start":{"line":66,"column":0},"end":{"line":66,"column":24}},"66":{"start":{"line":67,"column":0},"end":{"line":67,"column":32}},"67":{"start":{"line":68,"column":0},"end":{"line":68,"column":28}},"68":{"start":{"line":69,"column":0},"end":{"line":69,"column":35}},"69":{"start":{"line":70,"column":0},"end":{"line":70,"column":9}},"70":{"start":{"line":71,"column":0},"end":{"line":71,"column":5}},"71":{"start":{"line":72,"column":0},"end":{"line":72,"column":22}},"72":{"start":{"line":73,"column":0},"end":{"line":73,"column":23}},"73":{"start":{"line":74,"column":0},"end":{"line":74,"column":16}},"74":{"start":{"line":75,"column":0},"end":{"line":75,"column":4}},"76":{"start":{"line":77,"column":0},"end":{"line":77,"column":25}},"77":{"start":{"line":78,"column":0},"end":{"line":78,"column":10}},"78":{"start":{"line":79,"column":0},"end":{"line":79,"column":102}},"79":{"start":{"line":80,"column":0},"end":{"line":80,"column":146}},"81":{"start":{"line":82,"column":0},"end":{"line":82,"column":124}},"84":{"start":{"line":85,"column":0},"end":{"line":85,"column":100}},"85":{"start":{"line":86,"column":0},"end":{"line":86,"column":61}},"86":{"start":{"line":87,"column":0},"end":{"line":87,"column":87}},"87":{"start":{"line":88,"column":0},"end":{"line":88,"column":98}},"88":{"start":{"line":89,"column":0},"end":{"line":89,"column":177}},"89":{"start":{"line":90,"column":0},"end":{"line":90,"column":127}},"90":{"start":{"line":91,"column":0},"end":{"line":91,"column":20}},"92":{"start":{"line":93,"column":0},"end":{"line":93,"column":17}},"93":{"start":{"line":94,"column":0},"end":{"line":94,"column":20}},"94":{"start":{"line":95,"column":0},"end":{"line":95,"column":110}},"95":{"start":{"line":96,"column":0},"end":{"line":96,"column":31}},"97":{"start":{"line":98,"column":0},"end":{"line":98,"column":93}},"98":{"start":{"line":99,"column":0},"end":{"line":99,"column":115}},"99":{"start":{"line":100,"column":0},"end":{"line":100,"column":20}},"100":{"start":{"line":101,"column":0},"end":{"line":101,"column":21}},"101":{"start":{"line":102,"column":0},"end":{"line":102,"column":16}},"102":{"start":{"line":103,"column":0},"end":{"line":103,"column":14}},"105":{"start":{"line":106,"column":0},"end":{"line":106,"column":84}},"106":{"start":{"line":107,"column":0},"end":{"line":107,"column":21}},"107":{"start":{"line":108,"column":0},"end":{"line":108,"column":149}},"108":{"start":{"line":109,"column":0},"end":{"line":109,"column":21}},"109":{"start":{"line":110,"column":0},"end":{"line":110,"column":18}},"113":{"start":{"line":114,"column":0},"end":{"line":114,"column":32}},"114":{"start":{"line":115,"column":0},"end":{"line":115,"column":68}},"115":{"start":{"line":116,"column":0},"end":{"line":116,"column":91}},"116":{"start":{"line":117,"column":0},"end":{"line":117,"column":113}},"117":{"start":{"line":118,"column":0},"end":{"line":118,"column":234}},"118":{"start":{"line":119,"column":0},"end":{"line":119,"column":22}},"120":{"start":{"line":121,"column":0},"end":{"line":121,"column":19}},"121":{"start":{"line":122,"column":0},"end":{"line":122,"column":22}},"122":{"start":{"line":123,"column":0},"end":{"line":123,"column":250}},"123":{"start":{"line":124,"column":0},"end":{"line":124,"column":35}},"125":{"start":{"line":126,"column":0},"end":{"line":126,"column":100}},"126":{"start":{"line":127,"column":0},"end":{"line":127,"column":123}},"127":{"start":{"line":128,"column":0},"end":{"line":128,"column":22}},"129":{"start":{"line":130,"column":0},"end":{"line":130,"column":23}},"130":{"start":{"line":131,"column":0},"end":{"line":131,"column":18}},"132":{"start":{"line":133,"column":0},"end":{"line":133,"column":24}},"133":{"start":{"line":134,"column":0},"end":{"line":134,"column":48}},"134":{"start":{"line":135,"column":0},"end":{"line":135,"column":158}},"135":{"start":{"line":136,"column":0},"end":{"line":136,"column":99}},"136":{"start":{"line":137,"column":0},"end":{"line":137,"column":121}},"137":{"start":{"line":138,"column":0},"end":{"line":138,"column":192}},"138":{"start":{"line":139,"column":0},"end":{"line":139,"column":24}},"139":{"start":{"line":140,"column":0},"end":{"line":140,"column":22}},"140":{"start":{"line":141,"column":0},"end":{"line":141,"column":67}},"141":{"start":{"line":142,"column":0},"end":{"line":142,"column":20}},"142":{"start":{"line":143,"column":0},"end":{"line":143,"column":37}},"143":{"start":{"line":144,"column":0},"end":{"line":144,"column":48}},"144":{"start":{"line":145,"column":0},"end":{"line":145,"column":161}},"146":{"start":{"line":147,"column":0},"end":{"line":147,"column":22}},"147":{"start":{"line":148,"column":0},"end":{"line":148,"column":65}},"148":{"start":{"line":149,"column":0},"end":{"line":149,"column":73}},"149":{"start":{"line":150,"column":0},"end":{"line":150,"column":20}},"151":{"start":{"line":152,"column":0},"end":{"line":152,"column":41}},"152":{"start":{"line":153,"column":0},"end":{"line":153,"column":35}},"153":{"start":{"line":154,"column":0},"end":{"line":154,"column":120}},"154":{"start":{"line":155,"column":0},"end":{"line":155,"column":36}},"155":{"start":{"line":156,"column":0},"end":{"line":156,"column":98}},"156":{"start":{"line":157,"column":0},"end":{"line":157,"column":74}},"157":{"start":{"line":158,"column":0},"end":{"line":158,"column":22}},"158":{"start":{"line":159,"column":0},"end":{"line":159,"column":75}},"159":{"start":{"line":160,"column":0},"end":{"line":160,"column":57}},"160":{"start":{"line":161,"column":0},"end":{"line":161,"column":97}},"161":{"start":{"line":162,"column":0},"end":{"line":162,"column":45}},"162":{"start":{"line":163,"column":0},"end":{"line":163,"column":148}},"164":{"start":{"line":165,"column":0},"end":{"line":165,"column":33}},"166":{"start":{"line":167,"column":0},"end":{"line":167,"column":28}},"167":{"start":{"line":168,"column":0},"end":{"line":168,"column":26}},"168":{"start":{"line":169,"column":0},"end":{"line":169,"column":52}},"169":{"start":{"line":170,"column":0},"end":{"line":170,"column":71}},"170":{"start":{"line":171,"column":0},"end":{"line":171,"column":121}},"171":{"start":{"line":172,"column":0},"end":{"line":172,"column":318}},"172":{"start":{"line":173,"column":0},"end":{"line":173,"column":30}},"173":{"start":{"line":174,"column":0},"end":{"line":174,"column":36}},"174":{"start":{"line":175,"column":0},"end":{"line":175,"column":28}},"175":{"start":{"line":176,"column":0},"end":{"line":176,"column":70}},"176":{"start":{"line":177,"column":0},"end":{"line":177,"column":128}},"177":{"start":{"line":178,"column":0},"end":{"line":178,"column":187}},"178":{"start":{"line":179,"column":0},"end":{"line":179,"column":137}},"179":{"start":{"line":180,"column":0},"end":{"line":180,"column":30}},"180":{"start":{"line":181,"column":0},"end":{"line":181,"column":119}},"181":{"start":{"line":182,"column":0},"end":{"line":182,"column":28}},"182":{"start":{"line":183,"column":0},"end":{"line":183,"column":26}},"183":{"start":{"line":184,"column":0},"end":{"line":184,"column":52}},"184":{"start":{"line":185,"column":0},"end":{"line":185,"column":44}},"185":{"start":{"line":186,"column":0},"end":{"line":186,"column":32}},"186":{"start":{"line":187,"column":0},"end":{"line":187,"column":260}},"187":{"start":{"line":188,"column":0},"end":{"line":188,"column":67}},"189":{"start":{"line":190,"column":0},"end":{"line":190,"column":110}},"190":{"start":{"line":191,"column":0},"end":{"line":191,"column":121}},"191":{"start":{"line":192,"column":0},"end":{"line":192,"column":32}},"193":{"start":{"line":194,"column":0},"end":{"line":194,"column":33}},"195":{"start":{"line":196,"column":0},"end":{"line":196,"column":30}},"196":{"start":{"line":197,"column":0},"end":{"line":197,"column":254}},"197":{"start":{"line":198,"column":0},"end":{"line":198,"column":56}},"199":{"start":{"line":200,"column":0},"end":{"line":200,"column":108}},"200":{"start":{"line":201,"column":0},"end":{"line":201,"column":223}},"201":{"start":{"line":202,"column":0},"end":{"line":202,"column":30}},"203":{"start":{"line":204,"column":0},"end":{"line":204,"column":31}},"204":{"start":{"line":205,"column":0},"end":{"line":205,"column":30}},"205":{"start":{"line":206,"column":0},"end":{"line":206,"column":248}},"206":{"start":{"line":207,"column":0},"end":{"line":207,"column":61}},"208":{"start":{"line":209,"column":0},"end":{"line":209,"column":108}},"209":{"start":{"line":210,"column":0},"end":{"line":210,"column":229}},"210":{"start":{"line":211,"column":0},"end":{"line":211,"column":30}},"212":{"start":{"line":213,"column":0},"end":{"line":213,"column":31}},"213":{"start":{"line":214,"column":0},"end":{"line":214,"column":26}},"214":{"start":{"line":215,"column":0},"end":{"line":215,"column":24}},"215":{"start":{"line":216,"column":0},"end":{"line":216,"column":19}},"216":{"start":{"line":217,"column":0},"end":{"line":217,"column":20}},"218":{"start":{"line":219,"column":0},"end":{"line":219,"column":16}},"221":{"start":{"line":222,"column":0},"end":{"line":222,"column":86}},"222":{"start":{"line":223,"column":0},"end":{"line":223,"column":34}},"223":{"start":{"line":224,"column":0},"end":{"line":224,"column":96}},"224":{"start":{"line":225,"column":0},"end":{"line":225,"column":113}},"225":{"start":{"line":226,"column":0},"end":{"line":226,"column":123}},"226":{"start":{"line":227,"column":0},"end":{"line":227,"column":22}},"227":{"start":{"line":228,"column":0},"end":{"line":228,"column":54}},"228":{"start":{"line":229,"column":0},"end":{"line":229,"column":19}},"229":{"start":{"line":230,"column":0},"end":{"line":230,"column":18}},"231":{"start":{"line":232,"column":0},"end":{"line":232,"column":57}},"232":{"start":{"line":233,"column":0},"end":{"line":233,"column":19}},"233":{"start":{"line":234,"column":0},"end":{"line":234,"column":89}},"234":{"start":{"line":235,"column":0},"end":{"line":235,"column":23}},"235":{"start":{"line":236,"column":0},"end":{"line":236,"column":196}},"236":{"start":{"line":237,"column":0},"end":{"line":237,"column":41}},"237":{"start":{"line":238,"column":0},"end":{"line":238,"column":35}},"238":{"start":{"line":239,"column":0},"end":{"line":239,"column":41}},"239":{"start":{"line":240,"column":0},"end":{"line":240,"column":86}},"240":{"start":{"line":241,"column":0},"end":{"line":241,"column":27}},"241":{"start":{"line":242,"column":0},"end":{"line":242,"column":18}},"242":{"start":{"line":243,"column":0},"end":{"line":243,"column":20}},"243":{"start":{"line":244,"column":0},"end":{"line":244,"column":19}},"244":{"start":{"line":245,"column":0},"end":{"line":245,"column":89}},"245":{"start":{"line":246,"column":0},"end":{"line":246,"column":23}},"246":{"start":{"line":247,"column":0},"end":{"line":247,"column":196}},"247":{"start":{"line":248,"column":0},"end":{"line":248,"column":39}},"248":{"start":{"line":249,"column":0},"end":{"line":249,"column":31}},"249":{"start":{"line":250,"column":0},"end":{"line":250,"column":37}},"250":{"start":{"line":251,"column":0},"end":{"line":251,"column":82}},"251":{"start":{"line":252,"column":0},"end":{"line":252,"column":27}},"252":{"start":{"line":253,"column":0},"end":{"line":253,"column":18}},"253":{"start":{"line":254,"column":0},"end":{"line":254,"column":20}},"254":{"start":{"line":255,"column":0},"end":{"line":255,"column":18}},"256":{"start":{"line":257,"column":0},"end":{"line":257,"column":57}},"257":{"start":{"line":258,"column":0},"end":{"line":258,"column":19}},"258":{"start":{"line":259,"column":0},"end":{"line":259,"column":87}},"259":{"start":{"line":260,"column":0},"end":{"line":260,"column":23}},"260":{"start":{"line":261,"column":0},"end":{"line":261,"column":196}},"261":{"start":{"line":262,"column":0},"end":{"line":262,"column":34}},"262":{"start":{"line":263,"column":0},"end":{"line":263,"column":34}},"263":{"start":{"line":264,"column":0},"end":{"line":264,"column":40}},"264":{"start":{"line":265,"column":0},"end":{"line":265,"column":85}},"265":{"start":{"line":266,"column":0},"end":{"line":266,"column":27}},"266":{"start":{"line":267,"column":0},"end":{"line":267,"column":18}},"267":{"start":{"line":268,"column":0},"end":{"line":268,"column":20}},"268":{"start":{"line":269,"column":0},"end":{"line":269,"column":19}},"269":{"start":{"line":270,"column":0},"end":{"line":270,"column":87}},"270":{"start":{"line":271,"column":0},"end":{"line":271,"column":23}},"271":{"start":{"line":272,"column":0},"end":{"line":272,"column":196}},"272":{"start":{"line":273,"column":0},"end":{"line":273,"column":34}},"273":{"start":{"line":274,"column":0},"end":{"line":274,"column":30}},"274":{"start":{"line":275,"column":0},"end":{"line":275,"column":36}},"275":{"start":{"line":276,"column":0},"end":{"line":276,"column":81}},"276":{"start":{"line":277,"column":0},"end":{"line":277,"column":27}},"277":{"start":{"line":278,"column":0},"end":{"line":278,"column":18}},"278":{"start":{"line":279,"column":0},"end":{"line":279,"column":20}},"279":{"start":{"line":280,"column":0},"end":{"line":280,"column":19}},"280":{"start":{"line":281,"column":0},"end":{"line":281,"column":87}},"281":{"start":{"line":282,"column":0},"end":{"line":282,"column":23}},"282":{"start":{"line":283,"column":0},"end":{"line":283,"column":196}},"283":{"start":{"line":284,"column":0},"end":{"line":284,"column":34}},"284":{"start":{"line":285,"column":0},"end":{"line":285,"column":34}},"285":{"start":{"line":286,"column":0},"end":{"line":286,"column":40}},"286":{"start":{"line":287,"column":0},"end":{"line":287,"column":85}},"287":{"start":{"line":288,"column":0},"end":{"line":288,"column":27}},"288":{"start":{"line":289,"column":0},"end":{"line":289,"column":18}},"289":{"start":{"line":290,"column":0},"end":{"line":290,"column":20}},"290":{"start":{"line":291,"column":0},"end":{"line":291,"column":18}},"292":{"start":{"line":293,"column":0},"end":{"line":293,"column":34}},"293":{"start":{"line":294,"column":0},"end":{"line":294,"column":88}},"294":{"start":{"line":295,"column":0},"end":{"line":295,"column":21}},"295":{"start":{"line":296,"column":0},"end":{"line":296,"column":194}},"296":{"start":{"line":297,"column":0},"end":{"line":297,"column":38}},"297":{"start":{"line":298,"column":0},"end":{"line":298,"column":30}},"298":{"start":{"line":299,"column":0},"end":{"line":299,"column":36}},"299":{"start":{"line":300,"column":0},"end":{"line":300,"column":81}},"300":{"start":{"line":301,"column":0},"end":{"line":301,"column":25}},"301":{"start":{"line":302,"column":0},"end":{"line":302,"column":16}},"302":{"start":{"line":303,"column":0},"end":{"line":303,"column":18}},"304":{"start":{"line":305,"column":0},"end":{"line":305,"column":34}},"305":{"start":{"line":306,"column":0},"end":{"line":306,"column":108}},"306":{"start":{"line":307,"column":0},"end":{"line":307,"column":23}},"307":{"start":{"line":308,"column":0},"end":{"line":308,"column":34}},"308":{"start":{"line":309,"column":0},"end":{"line":309,"column":44}},"309":{"start":{"line":310,"column":0},"end":{"line":310,"column":88}},"310":{"start":{"line":311,"column":0},"end":{"line":311,"column":138}},"311":{"start":{"line":312,"column":0},"end":{"line":312,"column":18}},"312":{"start":{"line":313,"column":0},"end":{"line":313,"column":35}},"313":{"start":{"line":314,"column":0},"end":{"line":314,"column":22}},"314":{"start":{"line":315,"column":0},"end":{"line":315,"column":18}},"316":{"start":{"line":317,"column":0},"end":{"line":317,"column":20}},"317":{"start":{"line":318,"column":0},"end":{"line":318,"column":28}},"318":{"start":{"line":319,"column":0},"end":{"line":319,"column":230}},"320":{"start":{"line":321,"column":0},"end":{"line":321,"column":52}},"321":{"start":{"line":322,"column":0},"end":{"line":322,"column":21}},"322":{"start":{"line":323,"column":0},"end":{"line":323,"column":17}},"323":{"start":{"line":324,"column":0},"end":{"line":324,"column":14}},"324":{"start":{"line":325,"column":0},"end":{"line":325,"column":12}},"325":{"start":{"line":326,"column":0},"end":{"line":326,"column":10}},"327":{"start":{"line":328,"column":0},"end":{"line":328,"column":1}}},"s":{"0":1,"1":1,"3":76,"4":76,"5":76,"6":76,"7":76,"8":76,"9":76,"11":76,"12":21,"13":21,"14":21,"15":21,"16":21,"17":1,"18":21,"19":20,"20":20,"21":76,"23":76,"24":20,"25":76,"27":76,"28":1,"29":1,"30":1,"31":1,"32":76,"33":5,"34":5,"35":5,"36":5,"37":76,"38":2,"39":1,"40":1,"41":2,"42":76,"43":1,"44":1,"45":1,"46":1,"47":76,"48":2,"49":2,"50":2,"51":2,"52":2,"53":2,"54":2,"55":2,"56":2,"57":2,"58":2,"59":2,"60":0,"61":0,"62":0,"63":0,"64":0,"65":0,"66":0,"67":0,"68":0,"69":0,"70":0,"71":2,"72":2,"73":2,"74":2,"76":76,"77":73,"78":73,"79":73,"81":73,"84":73,"85":73,"86":73,"87":73,"88":73,"89":73,"90":73,"92":73,"93":73,"94":73,"95":73,"97":73,"98":73,"99":73,"100":73,"101":73,"102":73,"105":73,"106":73,"107":1,"108":1,"109":1,"113":76,"114":76,"115":76,"116":76,"117":76,"118":76,"120":76,"121":76,"122":76,"123":76,"125":76,"126":76,"127":76,"129":76,"130":76,"132":76,"133":22,"134":22,"135":22,"136":22,"137":22,"138":22,"139":22,"140":22,"141":22,"142":51,"143":19,"144":19,"146":19,"147":19,"148":19,"149":19,"151":32,"152":32,"153":64,"154":64,"155":32,"156":32,"157":64,"158":64,"159":64,"160":64,"161":64,"162":32,"164":32,"166":64,"167":64,"168":64,"169":64,"170":64,"171":64,"172":64,"173":64,"174":64,"175":64,"176":64,"177":64,"178":64,"179":64,"180":64,"181":64,"182":64,"183":64,"184":64,"185":32,"186":32,"187":32,"189":32,"190":32,"191":32,"193":32,"195":64,"196":64,"197":64,"199":64,"200":64,"201":64,"203":64,"204":64,"205":64,"206":64,"208":64,"209":64,"210":64,"212":64,"213":64,"214":64,"215":32,"216":32,"218":76,"221":76,"222":76,"223":76,"224":76,"225":76,"226":76,"227":76,"228":76,"229":76,"231":76,"232":76,"233":76,"234":76,"235":76,"236":76,"237":76,"238":76,"239":76,"240":76,"241":76,"242":76,"243":76,"244":76,"245":76,"246":76,"247":76,"248":76,"249":76,"250":76,"251":76,"252":76,"253":76,"254":76,"256":76,"257":76,"258":76,"259":76,"260":76,"261":76,"262":76,"263":76,"264":76,"265":76,"266":76,"267":76,"268":76,"269":76,"270":76,"271":76,"272":76,"273":76,"274":76,"275":76,"276":76,"277":76,"278":76,"279":76,"280":76,"281":76,"282":76,"283":76,"284":76,"285":76,"286":76,"287":76,"288":76,"289":76,"290":76,"292":76,"293":76,"294":76,"295":76,"296":76,"297":76,"298":76,"299":76,"300":76,"301":76,"302":76,"304":76,"305":76,"306":76,"307":76,"308":76,"309":76,"310":76,"311":76,"312":76,"313":76,"314":76,"316":76,"317":76,"318":76,"320":76,"321":76,"322":76,"323":76,"324":76,"325":76,"327":76},"branchMap":{"0":{"type":"branch","line":4,"loc":{"start":{"line":4,"column":0},"end":{"line":328,"column":1}},"locations":[{"start":{"line":4,"column":0},"end":{"line":328,"column":1}}]},"1":{"type":"branch","line":77,"loc":{"start":{"line":77,"column":13},"end":{"line":77,"column":25}},"locations":[{"start":{"line":77,"column":13},"end":{"line":77,"column":25}}]},"2":{"type":"branch","line":77,"loc":{"start":{"line":77,"column":20},"end":{"line":110,"column":18}},"locations":[{"start":{"line":77,"column":20},"end":{"line":110,"column":18}}]},"3":{"type":"branch","line":77,"loc":{"start":{"line":77,"column":20},"end":{"line":107,"column":21}},"locations":[{"start":{"line":77,"column":20},"end":{"line":107,"column":21}}]},"4":{"type":"branch","line":107,"loc":{"start":{"line":107,"column":11},"end":{"line":110,"column":18}},"locations":[{"start":{"line":107,"column":11},"end":{"line":110,"column":18}}]},"5":{"type":"branch","line":133,"loc":{"start":{"line":133,"column":13},"end":{"line":142,"column":20}},"locations":[{"start":{"line":133,"column":13},"end":{"line":142,"column":20}}]},"6":{"type":"branch","line":142,"loc":{"start":{"line":142,"column":14},"end":{"line":217,"column":20}},"locations":[{"start":{"line":142,"column":14},"end":{"line":217,"column":20}}]},"7":{"type":"branch","line":143,"loc":{"start":{"line":143,"column":32},"end":{"line":150,"column":20}},"locations":[{"start":{"line":143,"column":32},"end":{"line":150,"column":20}}]},"8":{"type":"branch","line":150,"loc":{"start":{"line":150,"column":14},"end":{"line":217,"column":20}},"locations":[{"start":{"line":150,"column":14},"end":{"line":217,"column":20}}]},"9":{"type":"branch","line":228,"loc":{"start":{"line":228,"column":30},"end":{"line":228,"column":47}},"locations":[{"start":{"line":228,"column":30},"end":{"line":228,"column":47}}]},"10":{"type":"branch","line":228,"loc":{"start":{"line":228,"column":38},"end":{"line":228,"column":54}},"locations":[{"start":{"line":228,"column":38},"end":{"line":228,"column":54}}]},"11":{"type":"branch","line":321,"loc":{"start":{"line":321,"column":28},"end":{"line":321,"column":45}},"locations":[{"start":{"line":321,"column":28},"end":{"line":321,"column":45}}]},"12":{"type":"branch","line":321,"loc":{"start":{"line":321,"column":36},"end":{"line":321,"column":52}},"locations":[{"start":{"line":321,"column":36},"end":{"line":321,"column":52}}]},"13":{"type":"branch","line":12,"loc":{"start":{"line":12,"column":32},"end":{"line":22,"column":5}},"locations":[{"start":{"line":12,"column":32},"end":{"line":22,"column":5}}]},"14":{"type":"branch","line":15,"loc":{"start":{"line":15,"column":75},"end":{"line":16,"column":31}},"locations":[{"start":{"line":15,"column":75},"end":{"line":16,"column":31}}]},"15":{"type":"branch","line":16,"loc":{"start":{"line":16,"column":23},"end":{"line":16,"column":33}},"locations":[{"start":{"line":16,"column":23},"end":{"line":16,"column":33}}]},"16":{"type":"branch","line":17,"loc":{"start":{"line":17,"column":4},"end":{"line":19,"column":6}},"locations":[{"start":{"line":17,"column":4},"end":{"line":19,"column":6}}]},"17":{"type":"branch","line":19,"loc":{"start":{"line":19,"column":4},"end":{"line":21,"column":5}},"locations":[{"start":{"line":19,"column":4},"end":{"line":21,"column":5}}]},"18":{"type":"branch","line":24,"loc":{"start":{"line":24,"column":12},"end":{"line":26,"column":5}},"locations":[{"start":{"line":24,"column":12},"end":{"line":26,"column":5}}]},"19":{"type":"branch","line":25,"loc":{"start":{"line":25,"column":14},"end":{"line":25,"column":26}},"locations":[{"start":{"line":25,"column":14},"end":{"line":25,"column":26}}]},"20":{"type":"branch","line":28,"loc":{"start":{"line":28,"column":21},"end":{"line":32,"column":4}},"locations":[{"start":{"line":28,"column":21},"end":{"line":32,"column":4}}]},"21":{"type":"branch","line":33,"loc":{"start":{"line":33,"column":20},"end":{"line":37,"column":4}},"locations":[{"start":{"line":33,"column":20},"end":{"line":37,"column":4}}]},"22":{"type":"branch","line":38,"loc":{"start":{"line":38,"column":23},"end":{"line":42,"column":4}},"locations":[{"start":{"line":38,"column":23},"end":{"line":42,"column":4}}]},"23":{"type":"branch","line":39,"loc":{"start":{"line":39,"column":38},"end":{"line":41,"column":16}},"locations":[{"start":{"line":39,"column":38},"end":{"line":41,"column":16}}]},"24":{"type":"branch","line":43,"loc":{"start":{"line":43,"column":27},"end":{"line":47,"column":4}},"locations":[{"start":{"line":43,"column":27},"end":{"line":47,"column":4}}]},"25":{"type":"branch","line":48,"loc":{"start":{"line":48,"column":27},"end":{"line":75,"column":4}},"locations":[{"start":{"line":48,"column":27},"end":{"line":75,"column":4}}]},"26":{"type":"branch","line":60,"loc":{"start":{"line":60,"column":4},"end":{"line":71,"column":5}},"locations":[{"start":{"line":60,"column":4},"end":{"line":71,"column":5}}]},"27":{"type":"branch","line":153,"loc":{"start":{"line":153,"column":26},"end":{"line":215,"column":24}},"locations":[{"start":{"line":153,"column":26},"end":{"line":215,"column":24}}]},"28":{"type":"branch","line":155,"loc":{"start":{"line":155,"column":25},"end":{"line":156,"column":98}},"locations":[{"start":{"line":155,"column":25},"end":{"line":156,"column":98}}]},"29":{"type":"branch","line":156,"loc":{"start":{"line":156,"column":24},"end":{"line":157,"column":74}},"locations":[{"start":{"line":156,"column":24},"end":{"line":157,"column":74}}]},"30":{"type":"branch","line":162,"loc":{"start":{"line":162,"column":30},"end":{"line":165,"column":33}},"locations":[{"start":{"line":162,"column":30},"end":{"line":165,"column":33}}]},"31":{"type":"branch","line":185,"loc":{"start":{"line":185,"column":29},"end":{"line":194,"column":33}},"locations":[{"start":{"line":185,"column":29},"end":{"line":194,"column":33}}]},"32":{"type":"branch","line":188,"loc":{"start":{"line":188,"column":35},"end":{"line":188,"column":67}},"locations":[{"start":{"line":188,"column":35},"end":{"line":188,"column":67}}]},"33":{"type":"branch","line":198,"loc":{"start":{"line":198,"column":33},"end":{"line":198,"column":56}},"locations":[{"start":{"line":198,"column":33},"end":{"line":198,"column":56}}]},"34":{"type":"branch","line":207,"loc":{"start":{"line":207,"column":33},"end":{"line":207,"column":61}},"locations":[{"start":{"line":207,"column":33},"end":{"line":207,"column":61}}]},"35":{"type":"branch","line":240,"loc":{"start":{"line":240,"column":28},"end":{"line":240,"column":86}},"locations":[{"start":{"line":240,"column":28},"end":{"line":240,"column":86}}]},"36":{"type":"branch","line":240,"loc":{"start":{"line":240,"column":41},"end":{"line":240,"column":83}},"locations":[{"start":{"line":240,"column":41},"end":{"line":240,"column":83}}]},"37":{"type":"branch","line":251,"loc":{"start":{"line":251,"column":28},"end":{"line":251,"column":82}},"locations":[{"start":{"line":251,"column":28},"end":{"line":251,"column":82}}]},"38":{"type":"branch","line":251,"loc":{"start":{"line":251,"column":41},"end":{"line":251,"column":79}},"locations":[{"start":{"line":251,"column":41},"end":{"line":251,"column":79}}]},"39":{"type":"branch","line":265,"loc":{"start":{"line":265,"column":28},"end":{"line":265,"column":85}},"locations":[{"start":{"line":265,"column":28},"end":{"line":265,"column":85}}]},"40":{"type":"branch","line":265,"loc":{"start":{"line":265,"column":41},"end":{"line":265,"column":82}},"locations":[{"start":{"line":265,"column":41},"end":{"line":265,"column":82}}]},"41":{"type":"branch","line":276,"loc":{"start":{"line":276,"column":28},"end":{"line":276,"column":81}},"locations":[{"start":{"line":276,"column":28},"end":{"line":276,"column":81}}]},"42":{"type":"branch","line":276,"loc":{"start":{"line":276,"column":41},"end":{"line":276,"column":78}},"locations":[{"start":{"line":276,"column":41},"end":{"line":276,"column":78}}]},"43":{"type":"branch","line":287,"loc":{"start":{"line":287,"column":28},"end":{"line":287,"column":85}},"locations":[{"start":{"line":287,"column":28},"end":{"line":287,"column":85}}]},"44":{"type":"branch","line":287,"loc":{"start":{"line":287,"column":41},"end":{"line":287,"column":82}},"locations":[{"start":{"line":287,"column":41},"end":{"line":287,"column":82}}]},"45":{"type":"branch","line":300,"loc":{"start":{"line":300,"column":26},"end":{"line":300,"column":81}},"locations":[{"start":{"line":300,"column":26},"end":{"line":300,"column":81}}]},"46":{"type":"branch","line":300,"loc":{"start":{"line":300,"column":39},"end":{"line":300,"column":78}},"locations":[{"start":{"line":300,"column":39},"end":{"line":300,"column":78}}]},"47":{"type":"branch","line":310,"loc":{"start":{"line":310,"column":28},"end":{"line":310,"column":88}},"locations":[{"start":{"line":310,"column":28},"end":{"line":310,"column":88}}]},"48":{"type":"branch","line":310,"loc":{"start":{"line":310,"column":41},"end":{"line":310,"column":86}},"locations":[{"start":{"line":310,"column":41},"end":{"line":310,"column":86}}]}},"b":{"0":[76],"1":[3],"2":[75],"3":[73],"4":[1],"5":[22],"6":[51],"7":[19],"8":[32],"9":[72],"10":[1],"11":[72],"12":[1],"13":[21],"14":[19],"15":[0],"16":[1],"17":[20],"18":[20],"19":[17],"20":[1],"21":[5],"22":[2],"23":[1],"24":[1],"25":[2],"26":[0],"27":[64],"28":[32],"29":[32],"30":[32],"31":[32],"32":[1],"33":[1],"34":[2],"35":[2],"36":[2],"37":[2],"38":[2],"39":[2],"40":[2],"41":[2],"42":[2],"43":[2],"44":[2],"45":[2],"46":[2],"47":[1],"48":[1]},"fnMap":{"0":{"name":"AddressManageModal","decl":{"start":{"line":4,"column":0},"end":{"line":328,"column":1}},"loc":{"start":{"line":4,"column":0},"end":{"line":328,"column":1}},"line":4},"1":{"name":"handleEdit","decl":{"start":{"line":28,"column":21},"end":{"line":32,"column":4}},"loc":{"start":{"line":28,"column":21},"end":{"line":32,"column":4}},"line":28},"2":{"name":"handleAdd","decl":{"start":{"line":33,"column":20},"end":{"line":37,"column":4}},"loc":{"start":{"line":33,"column":20},"end":{"line":37,"column":4}},"line":33},"3":{"name":"handleDelete","decl":{"start":{"line":38,"column":23},"end":{"line":42,"column":4}},"loc":{"start":{"line":38,"column":23},"end":{"line":42,"column":4}},"line":38},"4":{"name":"handleSetDefault","decl":{"start":{"line":43,"column":27},"end":{"line":47,"column":4}},"loc":{"start":{"line":43,"column":27},"end":{"line":47,"column":4}},"line":43},"5":{"name":"handleFormSubmit","decl":{"start":{"line":48,"column":27},"end":{"line":75,"column":4}},"loc":{"start":{"line":48,"column":27},"end":{"line":75,"column":4}},"line":48},"6":{"name":"onClick","decl":{"start":{"line":188,"column":35},"end":{"line":188,"column":67}},"loc":{"start":{"line":188,"column":35},"end":{"line":188,"column":67}},"line":188},"7":{"name":"onClick","decl":{"start":{"line":198,"column":33},"end":{"line":198,"column":56}},"loc":{"start":{"line":198,"column":33},"end":{"line":198,"column":56}},"line":198},"8":{"name":"onClick","decl":{"start":{"line":207,"column":33},"end":{"line":207,"column":61}},"loc":{"start":{"line":207,"column":33},"end":{"line":207,"column":61}},"line":207},"9":{"name":"onChange","decl":{"start":{"line":240,"column":28},"end":{"line":240,"column":86}},"loc":{"start":{"line":240,"column":28},"end":{"line":240,"column":86}},"line":240},"10":{"name":"onChange","decl":{"start":{"line":251,"column":28},"end":{"line":251,"column":82}},"loc":{"start":{"line":251,"column":28},"end":{"line":251,"column":82}},"line":251},"11":{"name":"onChange","decl":{"start":{"line":265,"column":28},"end":{"line":265,"column":85}},"loc":{"start":{"line":265,"column":28},"end":{"line":265,"column":85}},"line":265},"12":{"name":"onChange","decl":{"start":{"line":276,"column":28},"end":{"line":276,"column":81}},"loc":{"start":{"line":276,"column":28},"end":{"line":276,"column":81}},"line":276},"13":{"name":"onChange","decl":{"start":{"line":287,"column":28},"end":{"line":287,"column":85}},"loc":{"start":{"line":287,"column":28},"end":{"line":287,"column":85}},"line":287},"14":{"name":"onChange","decl":{"start":{"line":300,"column":26},"end":{"line":300,"column":81}},"loc":{"start":{"line":300,"column":26},"end":{"line":300,"column":81}},"line":300},"15":{"name":"onChange","decl":{"start":{"line":310,"column":28},"end":{"line":310,"column":88}},"loc":{"start":{"line":310,"column":28},"end":{"line":310,"column":88}},"line":310}},"f":{"0":76,"1":1,"2":5,"3":2,"4":1,"5":2,"6":1,"7":1,"8":2,"9":2,"10":2,"11":2,"12":2,"13":2,"14":2,"15":1}}
,"D:\\86198\\Web\\blindboxmall-fronted\\src\\components\\BlindBoxFilter.jsx": {"path":"D:\\86198\\Web\\blindboxmall-fronted\\src\\components\\BlindBoxFilter.jsx","all":false,"statementMap":{"0":{"start":{"line":1,"column":0},"end":{"line":1,"column":40}},"2":{"start":{"line":3,"column":0},"end":{"line":3,"column":74}},"3":{"start":{"line":4,"column":0},"end":{"line":4,"column":36}},"4":{"start":{"line":5,"column":0},"end":{"line":5,"column":41}},"5":{"start":{"line":6,"column":0},"end":{"line":6,"column":43}},"6":{"start":{"line":7,"column":0},"end":{"line":7,"column":43}},"7":{"start":{"line":8,"column":0},"end":{"line":8,"column":39}},"8":{"start":{"line":9,"column":0},"end":{"line":9,"column":39}},"9":{"start":{"line":10,"column":0},"end":{"line":10,"column":49}},"10":{"start":{"line":11,"column":0},"end":{"line":11,"column":41}},"11":{"start":{"line":12,"column":0},"end":{"line":12,"column":5}},"13":{"start":{"line":14,"column":0},"end":{"line":14,"column":54}},"15":{"start":{"line":16,"column":0},"end":{"line":16,"column":82}},"16":{"start":{"line":17,"column":0},"end":{"line":17,"column":29}},"17":{"start":{"line":18,"column":0},"end":{"line":18,"column":23}},"18":{"start":{"line":19,"column":0},"end":{"line":19,"column":19}},"19":{"start":{"line":20,"column":0},"end":{"line":20,"column":4}},"20":{"start":{"line":21,"column":0},"end":{"line":21,"column":29}},"21":{"start":{"line":22,"column":0},"end":{"line":22,"column":118}},"22":{"start":{"line":23,"column":0},"end":{"line":23,"column":17}},"23":{"start":{"line":24,"column":0},"end":{"line":24,"column":4}},"25":{"start":{"line":26,"column":0},"end":{"line":26,"column":10}},"26":{"start":{"line":27,"column":0},"end":{"line":27,"column":106}},"27":{"start":{"line":28,"column":0},"end":{"line":28,"column":36}},"29":{"start":{"line":30,"column":0},"end":{"line":30,"column":87}},"30":{"start":{"line":31,"column":0},"end":{"line":31,"column":43}},"31":{"start":{"line":32,"column":0},"end":{"line":32,"column":98}},"32":{"start":{"line":33,"column":0},"end":{"line":33,"column":107}},"33":{"start":{"line":34,"column":0},"end":{"line":34,"column":133}},"34":{"start":{"line":35,"column":0},"end":{"line":35,"column":20}},"35":{"start":{"line":36,"column":0},"end":{"line":36,"column":18}},"36":{"start":{"line":37,"column":0},"end":{"line":37,"column":19}},"37":{"start":{"line":38,"column":0},"end":{"line":38,"column":29}},"38":{"start":{"line":39,"column":0},"end":{"line":39,"column":35}},"39":{"start":{"line":40,"column":0},"end":{"line":40,"column":38}},"40":{"start":{"line":41,"column":0},"end":{"line":41,"column":41}},"41":{"start":{"line":42,"column":0},"end":{"line":42,"column":253}},"42":{"start":{"line":43,"column":0},"end":{"line":43,"column":14}},"43":{"start":{"line":44,"column":0},"end":{"line":44,"column":16}},"45":{"start":{"line":46,"column":0},"end":{"line":46,"column":18}},"46":{"start":{"line":47,"column":0},"end":{"line":47,"column":26}},"47":{"start":{"line":48,"column":0},"end":{"line":48,"column":256}},"49":{"start":{"line":50,"column":0},"end":{"line":50,"column":91}},"50":{"start":{"line":51,"column":0},"end":{"line":51,"column":131}},"51":{"start":{"line":52,"column":0},"end":{"line":52,"column":18}},"53":{"start":{"line":54,"column":0},"end":{"line":54,"column":19}},"56":{"start":{"line":57,"column":0},"end":{"line":57,"column":18}},"57":{"start":{"line":58,"column":0},"end":{"line":58,"column":25}},"58":{"start":{"line":59,"column":0},"end":{"line":59,"column":54}},"59":{"start":{"line":60,"column":0},"end":{"line":60,"column":150}},"61":{"start":{"line":62,"column":0},"end":{"line":62,"column":161}},"62":{"start":{"line":63,"column":0},"end":{"line":63,"column":102}},"63":{"start":{"line":64,"column":0},"end":{"line":64,"column":18}},"64":{"start":{"line":65,"column":0},"end":{"line":65,"column":42}},"65":{"start":{"line":66,"column":0},"end":{"line":66,"column":19}},"66":{"start":{"line":67,"column":0},"end":{"line":67,"column":14}},"69":{"start":{"line":70,"column":0},"end":{"line":70,"column":24}},"70":{"start":{"line":71,"column":0},"end":{"line":71,"column":86}},"72":{"start":{"line":73,"column":0},"end":{"line":73,"column":65}},"74":{"start":{"line":75,"column":0},"end":{"line":75,"column":39}},"75":{"start":{"line":76,"column":0},"end":{"line":76,"column":96}},"76":{"start":{"line":77,"column":0},"end":{"line":77,"column":42}},"77":{"start":{"line":78,"column":0},"end":{"line":78,"column":23}},"78":{"start":{"line":79,"column":0},"end":{"line":79,"column":34}},"79":{"start":{"line":80,"column":0},"end":{"line":80,"column":40}},"80":{"start":{"line":81,"column":0},"end":{"line":81,"column":42}},"81":{"start":{"line":82,"column":0},"end":{"line":82,"column":36}},"82":{"start":{"line":83,"column":0},"end":{"line":83,"column":32}},"83":{"start":{"line":84,"column":0},"end":{"line":84,"column":253}},"84":{"start":{"line":85,"column":0},"end":{"line":85,"column":18}},"85":{"start":{"line":86,"column":0},"end":{"line":86,"column":91}},"86":{"start":{"line":87,"column":0},"end":{"line":87,"column":23}},"87":{"start":{"line":88,"column":0},"end":{"line":88,"column":34}},"88":{"start":{"line":89,"column":0},"end":{"line":89,"column":40}},"89":{"start":{"line":90,"column":0},"end":{"line":90,"column":42}},"90":{"start":{"line":91,"column":0},"end":{"line":91,"column":36}},"91":{"start":{"line":92,"column":0},"end":{"line":92,"column":32}},"92":{"start":{"line":93,"column":0},"end":{"line":93,"column":253}},"93":{"start":{"line":94,"column":0},"end":{"line":94,"column":18}},"94":{"start":{"line":95,"column":0},"end":{"line":95,"column":20}},"95":{"start":{"line":96,"column":0},"end":{"line":96,"column":18}},"98":{"start":{"line":99,"column":0},"end":{"line":99,"column":39}},"99":{"start":{"line":100,"column":0},"end":{"line":100,"column":95}},"100":{"start":{"line":101,"column":0},"end":{"line":101,"column":22}},"101":{"start":{"line":102,"column":0},"end":{"line":102,"column":30}},"102":{"start":{"line":103,"column":0},"end":{"line":103,"column":36}},"103":{"start":{"line":104,"column":0},"end":{"line":104,"column":40}},"104":{"start":{"line":105,"column":0},"end":{"line":105,"column":251}},"106":{"start":{"line":107,"column":0},"end":{"line":107,"column":39}},"107":{"start":{"line":108,"column":0},"end":{"line":108,"column":37}},"108":{"start":{"line":109,"column":0},"end":{"line":109,"column":37}},"109":{"start":{"line":110,"column":0},"end":{"line":110,"column":37}},"110":{"start":{"line":111,"column":0},"end":{"line":111,"column":15}},"111":{"start":{"line":112,"column":0},"end":{"line":112,"column":18}},"112":{"start":{"line":113,"column":0},"end":{"line":113,"column":16}},"115":{"start":{"line":116,"column":0},"end":{"line":116,"column":65}},"117":{"start":{"line":118,"column":0},"end":{"line":118,"column":39}},"118":{"start":{"line":119,"column":0},"end":{"line":119,"column":94}},"119":{"start":{"line":120,"column":0},"end":{"line":120,"column":22}},"120":{"start":{"line":121,"column":0},"end":{"line":121,"column":30}},"121":{"start":{"line":122,"column":0},"end":{"line":122,"column":36}},"122":{"start":{"line":123,"column":0},"end":{"line":123,"column":40}},"123":{"start":{"line":124,"column":0},"end":{"line":124,"column":251}},"125":{"start":{"line":126,"column":0},"end":{"line":126,"column":38}},"126":{"start":{"line":127,"column":0},"end":{"line":127,"column":37}},"127":{"start":{"line":128,"column":0},"end":{"line":128,"column":37}},"128":{"start":{"line":129,"column":0},"end":{"line":129,"column":15}},"129":{"start":{"line":130,"column":0},"end":{"line":130,"column":18}},"132":{"start":{"line":133,"column":0},"end":{"line":133,"column":39}},"133":{"start":{"line":134,"column":0},"end":{"line":134,"column":96}},"134":{"start":{"line":135,"column":0},"end":{"line":135,"column":42}},"135":{"start":{"line":136,"column":0},"end":{"line":136,"column":24}},"136":{"start":{"line":137,"column":0},"end":{"line":137,"column":32}},"137":{"start":{"line":138,"column":0},"end":{"line":138,"column":38}},"138":{"start":{"line":139,"column":0},"end":{"line":139,"column":42}},"139":{"start":{"line":140,"column":0},"end":{"line":140,"column":253}},"141":{"start":{"line":142,"column":0},"end":{"line":142,"column":46}},"142":{"start":{"line":143,"column":0},"end":{"line":143,"column":41}},"143":{"start":{"line":144,"column":0},"end":{"line":144,"column":41}},"144":{"start":{"line":145,"column":0},"end":{"line":145,"column":50}},"145":{"start":{"line":146,"column":0},"end":{"line":146,"column":15}},"146":{"start":{"line":147,"column":0},"end":{"line":147,"column":24}},"147":{"start":{"line":148,"column":0},"end":{"line":148,"column":31}},"148":{"start":{"line":149,"column":0},"end":{"line":149,"column":37}},"149":{"start":{"line":150,"column":0},"end":{"line":150,"column":42}},"150":{"start":{"line":151,"column":0},"end":{"line":151,"column":253}},"152":{"start":{"line":153,"column":0},"end":{"line":153,"column":40}},"153":{"start":{"line":154,"column":0},"end":{"line":154,"column":39}},"154":{"start":{"line":155,"column":0},"end":{"line":155,"column":15}},"155":{"start":{"line":156,"column":0},"end":{"line":156,"column":18}},"156":{"start":{"line":157,"column":0},"end":{"line":157,"column":16}},"157":{"start":{"line":158,"column":0},"end":{"line":158,"column":14}},"160":{"start":{"line":161,"column":0},"end":{"line":161,"column":47}},"161":{"start":{"line":162,"column":0},"end":{"line":162,"column":18}},"162":{"start":{"line":163,"column":0},"end":{"line":163,"column":26}},"163":{"start":{"line":164,"column":0},"end":{"line":164,"column":34}},"164":{"start":{"line":165,"column":0},"end":{"line":165,"column":189}},"166":{"start":{"line":167,"column":0},"end":{"line":167,"column":91}},"167":{"start":{"line":168,"column":0},"end":{"line":168,"column":195}},"168":{"start":{"line":169,"column":0},"end":{"line":169,"column":18}},"170":{"start":{"line":171,"column":0},"end":{"line":171,"column":19}},"171":{"start":{"line":172,"column":0},"end":{"line":172,"column":14}},"172":{"start":{"line":173,"column":0},"end":{"line":173,"column":16}},"174":{"start":{"line":175,"column":0},"end":{"line":175,"column":11}},"175":{"start":{"line":176,"column":0},"end":{"line":176,"column":10}},"177":{"start":{"line":178,"column":0},"end":{"line":178,"column":1}}},"s":{"0":1,"2":72,"3":72,"4":72,"5":72,"6":72,"7":72,"8":72,"9":72,"10":72,"11":72,"13":72,"15":72,"16":72,"17":3,"18":3,"19":3,"20":72,"21":2,"22":2,"23":2,"25":72,"26":72,"27":72,"29":72,"30":72,"31":72,"32":72,"33":72,"34":72,"35":72,"36":72,"37":72,"38":72,"39":72,"40":72,"41":72,"42":72,"43":72,"45":72,"46":72,"47":72,"49":72,"50":72,"51":72,"53":72,"56":72,"57":72,"58":72,"59":72,"61":72,"62":72,"63":72,"64":72,"65":72,"66":72,"69":72,"70":36,"72":36,"74":36,"75":36,"76":36,"77":36,"78":36,"79":36,"80":36,"81":36,"82":36,"83":36,"84":36,"85":36,"86":36,"87":36,"88":36,"89":36,"90":36,"91":36,"92":36,"93":36,"94":36,"95":36,"98":36,"99":36,"100":36,"101":36,"102":36,"103":36,"104":36,"106":36,"107":36,"108":36,"109":36,"110":36,"111":36,"112":36,"115":36,"117":36,"118":36,"119":36,"120":36,"121":36,"122":36,"123":36,"125":36,"126":36,"127":36,"128":36,"129":36,"132":36,"133":36,"134":36,"135":36,"136":36,"137":36,"138":36,"139":36,"141":36,"142":36,"143":36,"144":36,"145":36,"146":36,"147":36,"148":36,"149":36,"150":36,"152":36,"153":36,"154":36,"155":36,"156":36,"157":36,"160":36,"161":36,"162":36,"163":36,"164":36,"166":36,"167":36,"168":36,"170":36,"171":36,"172":36,"174":72,"175":72,"177":72},"branchMap":{"0":{"type":"branch","line":3,"loc":{"start":{"line":3,"column":0},"end":{"line":178,"column":1}},"locations":[{"start":{"line":3,"column":0},"end":{"line":178,"column":1}}]},"1":{"type":"branch","line":5,"loc":{"start":{"line":5,"column":27},"end":{"line":5,"column":41}},"locations":[{"start":{"line":5,"column":27},"end":{"line":5,"column":41}}]},"2":{"type":"branch","line":6,"loc":{"start":{"line":6,"column":28},"end":{"line":6,"column":43}},"locations":[{"start":{"line":6,"column":28},"end":{"line":6,"column":43}}]},"3":{"type":"branch","line":7,"loc":{"start":{"line":7,"column":28},"end":{"line":7,"column":43}},"locations":[{"start":{"line":7,"column":28},"end":{"line":7,"column":43}}]},"4":{"type":"branch","line":8,"loc":{"start":{"line":8,"column":26},"end":{"line":8,"column":39}},"locations":[{"start":{"line":8,"column":26},"end":{"line":8,"column":39}}]},"5":{"type":"branch","line":9,"loc":{"start":{"line":9,"column":26},"end":{"line":9,"column":39}},"locations":[{"start":{"line":9,"column":26},"end":{"line":9,"column":39}}]},"6":{"type":"branch","line":10,"loc":{"start":{"line":10,"column":26},"end":{"line":10,"column":49}},"locations":[{"start":{"line":10,"column":26},"end":{"line":10,"column":49}}]},"7":{"type":"branch","line":11,"loc":{"start":{"line":11,"column":25},"end":{"line":11,"column":41}},"locations":[{"start":{"line":11,"column":25},"end":{"line":11,"column":41}}]},"8":{"type":"branch","line":62,"loc":{"start":{"line":62,"column":73},"end":{"line":62,"column":101}},"locations":[{"start":{"line":62,"column":73},"end":{"line":62,"column":101}}]},"9":{"type":"branch","line":62,"loc":{"start":{"line":62,"column":86},"end":{"line":62,"column":103}},"locations":[{"start":{"line":62,"column":86},"end":{"line":62,"column":103}}]},"10":{"type":"branch","line":65,"loc":{"start":{"line":65,"column":13},"end":{"line":65,"column":35}},"locations":[{"start":{"line":65,"column":13},"end":{"line":65,"column":35}}]},"11":{"type":"branch","line":65,"loc":{"start":{"line":65,"column":26},"end":{"line":65,"column":42}},"locations":[{"start":{"line":65,"column":26},"end":{"line":65,"column":42}}]},"12":{"type":"branch","line":70,"loc":{"start":{"line":70,"column":9},"end":{"line":173,"column":16}},"locations":[{"start":{"line":70,"column":9},"end":{"line":173,"column":16}}]},"13":{"type":"branch","line":16,"loc":{"start":{"line":16,"column":23},"end":{"line":16,"column":82}},"locations":[{"start":{"line":16,"column":23},"end":{"line":16,"column":82}}]},"14":{"type":"branch","line":17,"loc":{"start":{"line":17,"column":23},"end":{"line":20,"column":4}},"locations":[{"start":{"line":17,"column":23},"end":{"line":20,"column":4}}]},"15":{"type":"branch","line":21,"loc":{"start":{"line":21,"column":22},"end":{"line":24,"column":4}},"locations":[{"start":{"line":21,"column":22},"end":{"line":24,"column":4}}]},"16":{"type":"branch","line":59,"loc":{"start":{"line":59,"column":21},"end":{"line":59,"column":54}},"locations":[{"start":{"line":59,"column":21},"end":{"line":59,"column":54}}]}},"b":{"0":[72],"1":[57],"2":[57],"3":[57],"4":[57],"5":[54],"6":[54],"7":[54],"8":[36],"9":[36],"10":[36],"11":[36],"12":[36],"13":[16],"14":[3],"15":[2],"16":[22]},"fnMap":{"0":{"name":"BlindBoxFilter","decl":{"start":{"line":3,"column":0},"end":{"line":178,"column":1}},"loc":{"start":{"line":3,"column":0},"end":{"line":178,"column":1}},"line":3},"1":{"name":"handleChange","decl":{"start":{"line":16,"column":23},"end":{"line":16,"column":82}},"loc":{"start":{"line":16,"column":23},"end":{"line":16,"column":82}},"line":16},"2":{"name":"handleSubmit","decl":{"start":{"line":17,"column":23},"end":{"line":20,"column":4}},"loc":{"start":{"line":17,"column":23},"end":{"line":20,"column":4}},"line":17},"3":{"name":"handleReset","decl":{"start":{"line":21,"column":22},"end":{"line":24,"column":4}},"loc":{"start":{"line":21,"column":22},"end":{"line":24,"column":4}},"line":21},"4":{"name":"onClick","decl":{"start":{"line":59,"column":21},"end":{"line":59,"column":54}},"loc":{"start":{"line":59,"column":21},"end":{"line":59,"column":54}},"line":59}},"f":{"0":72,"1":16,"2":3,"3":2,"4":22}}
,"D:\\86198\\Web\\blindboxmall-fronted\\src\\components\\BlindBoxTabs.jsx": {"path":"D:\\86198\\Web\\blindboxmall-fronted\\src\\components\\BlindBoxTabs.jsx","all":false,"statementMap":{"0":{"start":{"line":1,"column":0},"end":{"line":1,"column":26}},"2":{"start":{"line":3,"column":0},"end":{"line":3,"column":72}},"3":{"start":{"line":4,"column":0},"end":{"line":4,"column":16}},"4":{"start":{"line":5,"column":0},"end":{"line":5,"column":6}},"5":{"start":{"line":6,"column":0},"end":{"line":6,"column":18}},"6":{"start":{"line":7,"column":0},"end":{"line":7,"column":119}},"7":{"start":{"line":8,"column":0},"end":{"line":8,"column":17}},"8":{"start":{"line":9,"column":0},"end":{"line":9,"column":40}},"9":{"start":{"line":10,"column":0},"end":{"line":10,"column":6}},"10":{"start":{"line":11,"column":0},"end":{"line":11,"column":6}},"11":{"start":{"line":12,"column":0},"end":{"line":12,"column":21}},"12":{"start":{"line":13,"column":0},"end":{"line":13,"column":53}},"13":{"start":{"line":14,"column":0},"end":{"line":14,"column":16}},"14":{"start":{"line":15,"column":0},"end":{"line":15,"column":44}},"15":{"start":{"line":16,"column":0},"end":{"line":16,"column":6}},"16":{"start":{"line":17,"column":0},"end":{"line":17,"column":6}},"17":{"start":{"line":18,"column":0},"end":{"line":18,"column":19}},"18":{"start":{"line":19,"column":0},"end":{"line":19,"column":51}},"19":{"start":{"line":20,"column":0},"end":{"line":20,"column":17}},"20":{"start":{"line":21,"column":0},"end":{"line":21,"column":42}},"21":{"start":{"line":22,"column":0},"end":{"line":22,"column":6}},"22":{"start":{"line":23,"column":0},"end":{"line":23,"column":6}},"23":{"start":{"line":24,"column":0},"end":{"line":24,"column":21}},"24":{"start":{"line":25,"column":0},"end":{"line":25,"column":53}},"25":{"start":{"line":26,"column":0},"end":{"line":26,"column":17}},"26":{"start":{"line":27,"column":0},"end":{"line":27,"column":44}},"27":{"start":{"line":28,"column":0},"end":{"line":28,"column":5}},"28":{"start":{"line":29,"column":0},"end":{"line":29,"column":4}},"30":{"start":{"line":31,"column":0},"end":{"line":31,"column":10}},"31":{"start":{"line":32,"column":0},"end":{"line":32,"column":106}},"32":{"start":{"line":33,"column":0},"end":{"line":33,"column":44}},"33":{"start":{"line":34,"column":0},"end":{"line":34,"column":26}},"34":{"start":{"line":35,"column":0},"end":{"line":35,"column":17}},"35":{"start":{"line":36,"column":0},"end":{"line":36,"column":25}},"36":{"start":{"line":37,"column":0},"end":{"line":37,"column":45}},"37":{"start":{"line":38,"column":0},"end":{"line":38,"column":127}},"38":{"start":{"line":39,"column":0},"end":{"line":39,"column":33}},"39":{"start":{"line":40,"column":0},"end":{"line":40,"column":112}},"40":{"start":{"line":41,"column":0},"end":{"line":41,"column":110}},"41":{"start":{"line":42,"column":0},"end":{"line":42,"column":15}},"43":{"start":{"line":44,"column":0},"end":{"line":44,"column":53}},"44":{"start":{"line":45,"column":0},"end":{"line":45,"column":57}},"45":{"start":{"line":46,"column":0},"end":{"line":46,"column":71}},"46":{"start":{"line":47,"column":0},"end":{"line":47,"column":18}},"49":{"start":{"line":50,"column":0},"end":{"line":50,"column":36}},"50":{"start":{"line":51,"column":0},"end":{"line":51,"column":135}},"54":{"start":{"line":55,"column":0},"end":{"line":55,"column":36}},"55":{"start":{"line":56,"column":0},"end":{"line":56,"column":175}},"57":{"start":{"line":58,"column":0},"end":{"line":58,"column":19}},"58":{"start":{"line":59,"column":0},"end":{"line":59,"column":11}},"59":{"start":{"line":60,"column":0},"end":{"line":60,"column":12}},"60":{"start":{"line":61,"column":0},"end":{"line":61,"column":10}},"62":{"start":{"line":63,"column":0},"end":{"line":63,"column":1}}},"s":{"0":1,"2":3,"3":3,"4":3,"5":3,"6":3,"7":3,"8":3,"9":3,"10":3,"11":3,"12":3,"13":3,"14":3,"15":3,"16":3,"17":3,"18":3,"19":3,"20":3,"21":3,"22":3,"23":3,"24":3,"25":3,"26":3,"27":3,"28":3,"30":3,"31":3,"32":3,"33":3,"34":12,"35":12,"36":12,"37":12,"38":12,"39":3,"40":9,"41":12,"43":12,"44":12,"45":12,"46":12,"49":12,"50":3,"54":12,"55":9,"57":12,"58":3,"59":3,"60":3,"62":3},"branchMap":{"0":{"type":"branch","line":3,"loc":{"start":{"line":3,"column":0},"end":{"line":63,"column":1}},"locations":[{"start":{"line":3,"column":0},"end":{"line":63,"column":1}}]},"1":{"type":"branch","line":7,"loc":{"start":{"line":7,"column":26},"end":{"line":7,"column":49}},"locations":[{"start":{"line":7,"column":26},"end":{"line":7,"column":49}}]},"2":{"type":"branch","line":7,"loc":{"start":{"line":7,"column":59},"end":{"line":7,"column":80}},"locations":[{"start":{"line":7,"column":59},"end":{"line":7,"column":80}}]},"3":{"type":"branch","line":7,"loc":{"start":{"line":7,"column":90},"end":{"line":7,"column":113}},"locations":[{"start":{"line":7,"column":90},"end":{"line":7,"column":113}}]},"4":{"type":"branch","line":13,"loc":{"start":{"line":13,"column":25},"end":{"line":13,"column":48}},"locations":[{"start":{"line":13,"column":25},"end":{"line":13,"column":48}}]},"5":{"type":"branch","line":19,"loc":{"start":{"line":19,"column":25},"end":{"line":19,"column":46}},"locations":[{"start":{"line":19,"column":25},"end":{"line":19,"column":46}}]},"6":{"type":"branch","line":25,"loc":{"start":{"line":25,"column":25},"end":{"line":25,"column":48}},"locations":[{"start":{"line":25,"column":25},"end":{"line":25,"column":48}}]},"7":{"type":"branch","line":34,"loc":{"start":{"line":34,"column":18},"end":{"line":58,"column":19}},"locations":[{"start":{"line":34,"column":18},"end":{"line":58,"column":19}}]},"8":{"type":"branch","line":39,"loc":{"start":{"line":39,"column":29},"end":{"line":40,"column":112}},"locations":[{"start":{"line":39,"column":29},"end":{"line":40,"column":112}}]},"9":{"type":"branch","line":40,"loc":{"start":{"line":40,"column":102},"end":{"line":41,"column":110}},"locations":[{"start":{"line":40,"column":102},"end":{"line":41,"column":110}}]},"10":{"type":"branch","line":50,"loc":{"start":{"line":50,"column":28},"end":{"line":51,"column":135}},"locations":[{"start":{"line":50,"column":28},"end":{"line":51,"column":135}}]},"11":{"type":"branch","line":55,"loc":{"start":{"line":55,"column":28},"end":{"line":56,"column":175}},"locations":[{"start":{"line":55,"column":28},"end":{"line":56,"column":175}}]}},"b":{"0":[3],"1":[0],"2":[0],"3":[0],"4":[0],"5":[0],"6":[0],"7":[12],"8":[3],"9":[9],"10":[3],"11":[9]},"fnMap":{"0":{"name":"BlindBoxTabs","decl":{"start":{"line":3,"column":0},"end":{"line":63,"column":1}},"loc":{"start":{"line":3,"column":0},"end":{"line":63,"column":1}},"line":3},"1":{"name":"onClick","decl":{"start":{"line":37,"column":21},"end":{"line":37,"column":45}},"loc":{"start":{"line":37,"column":21},"end":{"line":37,"column":45}},"line":37}},"f":{"0":3,"1":0}}
,"D:\\86198\\Web\\blindboxmall-fronted\\src\\components\\ErrorBoundary.jsx": {"path":"D:\\86198\\Web\\blindboxmall-fronted\\src\\components\\ErrorBoundary.jsx","all":false,"statementMap":{"0":{"start":{"line":1,"column":0},"end":{"line":1,"column":26}},"1":{"start":{"line":2,"column":0},"end":{"line":2,"column":62}},"3":{"start":{"line":4,"column":0},"end":{"line":4,"column":29}},"4":{"start":{"line":5,"column":0},"end":{"line":5,"column":34}},"5":{"start":{"line":6,"column":0},"end":{"line":6,"column":35}},"7":{"start":{"line":8,"column":0},"end":{"line":8,"column":34}},"9":{"start":{"line":10,"column":0},"end":{"line":10,"column":12}},"10":{"start":{"line":11,"column":0},"end":{"line":11,"column":82}},"11":{"start":{"line":12,"column":0},"end":{"line":12,"column":91}},"12":{"start":{"line":13,"column":0},"end":{"line":13,"column":55}},"13":{"start":{"line":14,"column":0},"end":{"line":14,"column":70}},"14":{"start":{"line":15,"column":0},"end":{"line":15,"column":61}},"15":{"start":{"line":16,"column":0},"end":{"line":16,"column":21}},"16":{"start":{"line":17,"column":0},"end":{"line":17,"column":50}},"17":{"start":{"line":18,"column":0},"end":{"line":18,"column":42}},"18":{"start":{"line":19,"column":0},"end":{"line":19,"column":42}},"19":{"start":{"line":20,"column":0},"end":{"line":20,"column":39}},"21":{"start":{"line":22,"column":0},"end":{"line":22,"column":20}},"22":{"start":{"line":23,"column":0},"end":{"line":23,"column":43}},"23":{"start":{"line":24,"column":0},"end":{"line":24,"column":27}},"24":{"start":{"line":25,"column":0},"end":{"line":25,"column":52}},"25":{"start":{"line":26,"column":0},"end":{"line":26,"column":134}},"26":{"start":{"line":27,"column":0},"end":{"line":27,"column":21}},"28":{"start":{"line":29,"column":0},"end":{"line":29,"column":29}},"29":{"start":{"line":30,"column":0},"end":{"line":30,"column":27}},"30":{"start":{"line":31,"column":0},"end":{"line":31,"column":53}},"31":{"start":{"line":32,"column":0},"end":{"line":32,"column":134}},"32":{"start":{"line":33,"column":0},"end":{"line":33,"column":21}},"34":{"start":{"line":35,"column":0},"end":{"line":35,"column":29}},"35":{"start":{"line":36,"column":0},"end":{"line":36,"column":22}},"36":{"start":{"line":37,"column":0},"end":{"line":37,"column":60}},"37":{"start":{"line":38,"column":0},"end":{"line":38,"column":56}},"38":{"start":{"line":39,"column":0},"end":{"line":39,"column":82}},"40":{"start":{"line":41,"column":0},"end":{"line":41,"column":34}},"41":{"start":{"line":42,"column":0},"end":{"line":42,"column":103}},"42":{"start":{"line":43,"column":0},"end":{"line":43,"column":60}},"43":{"start":{"line":44,"column":0},"end":{"line":44,"column":30}},"44":{"start":{"line":45,"column":0},"end":{"line":45,"column":30}},"46":{"start":{"line":47,"column":0},"end":{"line":47,"column":18}},"47":{"start":{"line":48,"column":0},"end":{"line":48,"column":14}},"49":{"start":{"line":50,"column":0},"end":{"line":50,"column":2}},"51":{"start":{"line":52,"column":0},"end":{"line":52,"column":29}}},"s":{"0":1,"1":1,"3":1,"4":1,"5":1,"7":1,"9":1,"10":1,"11":1,"12":1,"13":1,"14":1,"15":1,"16":1,"17":1,"18":1,"19":0,"21":1,"22":1,"23":1,"24":1,"25":1,"26":1,"28":1,"29":1,"30":1,"31":1,"32":1,"34":1,"35":1,"36":1,"37":0,"38":0,"40":0,"41":0,"42":0,"43":0,"44":0,"46":1,"47":1,"49":1,"51":1},"branchMap":{"0":{"type":"branch","line":4,"loc":{"start":{"line":4,"column":22},"end":{"line":50,"column":2}},"locations":[{"start":{"line":4,"column":22},"end":{"line":50,"column":2}}]},"1":{"type":"branch","line":15,"loc":{"start":{"line":15,"column":44},"end":{"line":15,"column":61}},"locations":[{"start":{"line":15,"column":44},"end":{"line":15,"column":61}}]},"2":{"type":"branch","line":19,"loc":{"start":{"line":19,"column":26},"end":{"line":20,"column":39}},"locations":[{"start":{"line":19,"column":26},"end":{"line":20,"column":39}}]},"3":{"type":"branch","line":37,"loc":{"start":{"line":37,"column":42},"end":{"line":45,"column":30}},"locations":[{"start":{"line":37,"column":42},"end":{"line":45,"column":30}}]}},"b":{"0":[1],"1":[0],"2":[0],"3":[0]},"fnMap":{"0":{"name":"ErrorBoundary","decl":{"start":{"line":4,"column":22},"end":{"line":50,"column":2}},"loc":{"start":{"line":4,"column":22},"end":{"line":50,"column":2}},"line":4},"1":{"name":"onClick","decl":{"start":{"line":25,"column":33},"end":{"line":25,"column":52}},"loc":{"start":{"line":25,"column":33},"end":{"line":25,"column":52}},"line":25},"2":{"name":"onClick","decl":{"start":{"line":31,"column":33},"end":{"line":31,"column":53}},"loc":{"start":{"line":31,"column":33},"end":{"line":31,"column":53}},"line":31}},"f":{"0":1,"1":0,"2":0}}
,"D:\\86198\\Web\\blindboxmall-fronted\\src\\components\\HotKeywords.jsx": {"path":"D:\\86198\\Web\\blindboxmall-fronted\\src\\components\\HotKeywords.jsx","all":false,"statementMap":{"0":{"start":{"line":1,"column":0},"end":{"line":1,"column":26}},"2":{"start":{"line":3,"column":0},"end":{"line":3,"column":65}},"3":{"start":{"line":4,"column":0},"end":{"line":4,"column":36}},"4":{"start":{"line":5,"column":0},"end":{"line":5,"column":10}},"5":{"start":{"line":6,"column":0},"end":{"line":6,"column":48}},"7":{"start":{"line":8,"column":0},"end":{"line":8,"column":27}},"8":{"start":{"line":9,"column":0},"end":{"line":9,"column":15}},"9":{"start":{"line":10,"column":0},"end":{"line":10,"column":18}},"10":{"start":{"line":11,"column":0},"end":{"line":11,"column":37}},"11":{"start":{"line":12,"column":0},"end":{"line":12,"column":101}},"13":{"start":{"line":14,"column":0},"end":{"line":14,"column":14}},"14":{"start":{"line":15,"column":0},"end":{"line":15,"column":17}},"15":{"start":{"line":16,"column":0},"end":{"line":16,"column":9}},"16":{"start":{"line":17,"column":0},"end":{"line":17,"column":10}},"18":{"start":{"line":19,"column":0},"end":{"line":19,"column":1}}},"s":{"0":1,"2":6,"3":6,"4":4,"5":4,"7":4,"8":9,"9":9,"10":9,"11":9,"13":9,"14":9,"15":4,"16":4,"18":4},"branchMap":{"0":{"type":"branch","line":3,"loc":{"start":{"line":3,"column":0},"end":{"line":19,"column":1}},"locations":[{"start":{"line":3,"column":0},"end":{"line":19,"column":1}}]},"1":{"type":"branch","line":4,"loc":{"start":{"line":4,"column":24},"end":{"line":4,"column":36}},"locations":[{"start":{"line":4,"column":24},"end":{"line":4,"column":36}}]},"2":{"type":"branch","line":4,"loc":{"start":{"line":4,"column":31},"end":{"line":19,"column":1}},"locations":[{"start":{"line":4,"column":31},"end":{"line":19,"column":1}}]},"3":{"type":"branch","line":8,"loc":{"start":{"line":8,"column":20},"end":{"line":15,"column":17}},"locations":[{"start":{"line":8,"column":20},"end":{"line":15,"column":17}}]},"4":{"type":"branch","line":11,"loc":{"start":{"line":11,"column":19},"end":{"line":11,"column":37}},"locations":[{"start":{"line":11,"column":19},"end":{"line":11,"column":37}}]}},"b":{"0":[6],"1":[2],"2":[4],"3":[9],"4":[2]},"fnMap":{"0":{"name":"HotKeywords","decl":{"start":{"line":3,"column":0},"end":{"line":19,"column":1}},"loc":{"start":{"line":3,"column":0},"end":{"line":19,"column":1}},"line":3},"1":{"name":"onClick","decl":{"start":{"line":11,"column":19},"end":{"line":11,"column":37}},"loc":{"start":{"line":11,"column":19},"end":{"line":11,"column":37}},"line":11}},"f":{"0":6,"1":2}}
,"D:\\86198\\Web\\blindboxmall-fronted\\src\\components\\Navbar.jsx": {"path":"D:\\86198\\Web\\blindboxmall-fronted\\src\\components\\Navbar.jsx","all":false,"statementMap":{"0":{"start":{"line":1,"column":0},"end":{"line":1,"column":53}},"1":{"start":{"line":2,"column":0},"end":{"line":2,"column":60}},"2":{"start":{"line":3,"column":0},"end":{"line":3,"column":77}},"4":{"start":{"line":5,"column":0},"end":{"line":5,"column":22}},"5":{"start":{"line":6,"column":0},"end":{"line":6,"column":35}},"6":{"start":{"line":7,"column":0},"end":{"line":7,"column":35}},"7":{"start":{"line":8,"column":0},"end":{"line":8,"column":56}},"8":{"start":{"line":9,"column":0},"end":{"line":9,"column":58}},"11":{"start":{"line":12,"column":0},"end":{"line":12,"column":27}},"12":{"start":{"line":13,"column":0},"end":{"line":13,"column":29}},"14":{"start":{"line":15,"column":0},"end":{"line":15,"column":44}},"15":{"start":{"line":16,"column":0},"end":{"line":16,"column":41}},"16":{"start":{"line":17,"column":0},"end":{"line":17,"column":40}},"18":{"start":{"line":19,"column":0},"end":{"line":19,"column":33}},"19":{"start":{"line":20,"column":0},"end":{"line":20,"column":27}},"20":{"start":{"line":21,"column":0},"end":{"line":21,"column":19}},"22":{"start":{"line":23,"column":0},"end":{"line":23,"column":48}},"23":{"start":{"line":24,"column":0},"end":{"line":24,"column":37}},"24":{"start":{"line":25,"column":0},"end":{"line":25,"column":11}},"26":{"start":{"line":27,"column":0},"end":{"line":27,"column":52}},"27":{"start":{"line":28,"column":0},"end":{"line":28,"column":23}},"28":{"start":{"line":29,"column":0},"end":{"line":29,"column":29}},"29":{"start":{"line":30,"column":0},"end":{"line":30,"column":19}},"31":{"start":{"line":32,"column":0},"end":{"line":32,"column":50}},"32":{"start":{"line":33,"column":0},"end":{"line":33,"column":29}},"33":{"start":{"line":34,"column":0},"end":{"line":34,"column":51}},"34":{"start":{"line":35,"column":0},"end":{"line":35,"column":11}},"36":{"start":{"line":37,"column":0},"end":{"line":37,"column":43}},"37":{"start":{"line":38,"column":0},"end":{"line":38,"column":29}},"39":{"start":{"line":40,"column":0},"end":{"line":40,"column":28}},"40":{"start":{"line":41,"column":0},"end":{"line":41,"column":25}},"41":{"start":{"line":42,"column":0},"end":{"line":42,"column":24}},"42":{"start":{"line":43,"column":0},"end":{"line":43,"column":66}},"43":{"start":{"line":44,"column":0},"end":{"line":44,"column":74}},"44":{"start":{"line":45,"column":0},"end":{"line":45,"column":70}},"45":{"start":{"line":46,"column":0},"end":{"line":46,"column":64}},"46":{"start":{"line":47,"column":0},"end":{"line":47,"column":63}},"47":{"start":{"line":48,"column":0},"end":{"line":48,"column":66}},"48":{"start":{"line":49,"column":0},"end":{"line":49,"column":18}},"49":{"start":{"line":50,"column":0},"end":{"line":50,"column":26}},"50":{"start":{"line":51,"column":0},"end":{"line":51,"column":24}},"51":{"start":{"line":52,"column":0},"end":{"line":52,"column":66}},"52":{"start":{"line":53,"column":0},"end":{"line":53,"column":81}},"53":{"start":{"line":54,"column":0},"end":{"line":54,"column":82}},"54":{"start":{"line":55,"column":0},"end":{"line":55,"column":70}},"55":{"start":{"line":56,"column":0},"end":{"line":56,"column":64}},"56":{"start":{"line":57,"column":0},"end":{"line":57,"column":63}},"57":{"start":{"line":58,"column":0},"end":{"line":58,"column":66}},"58":{"start":{"line":59,"column":0},"end":{"line":59,"column":18}},"59":{"start":{"line":60,"column":0},"end":{"line":60,"column":28}},"60":{"start":{"line":61,"column":0},"end":{"line":61,"column":20}},"61":{"start":{"line":62,"column":0},"end":{"line":62,"column":24}},"62":{"start":{"line":63,"column":0},"end":{"line":63,"column":70}},"63":{"start":{"line":64,"column":0},"end":{"line":64,"column":74}},"64":{"start":{"line":65,"column":0},"end":{"line":65,"column":70}},"65":{"start":{"line":66,"column":0},"end":{"line":66,"column":64}},"66":{"start":{"line":67,"column":0},"end":{"line":67,"column":63}},"67":{"start":{"line":68,"column":0},"end":{"line":68,"column":66}},"68":{"start":{"line":69,"column":0},"end":{"line":69,"column":18}},"69":{"start":{"line":70,"column":0},"end":{"line":70,"column":9}},"70":{"start":{"line":71,"column":0},"end":{"line":71,"column":15}},"72":{"start":{"line":73,"column":0},"end":{"line":73,"column":35}},"75":{"start":{"line":76,"column":0},"end":{"line":76,"column":36}},"76":{"start":{"line":77,"column":0},"end":{"line":77,"column":42}},"77":{"start":{"line":78,"column":0},"end":{"line":78,"column":20}},"78":{"start":{"line":79,"column":0},"end":{"line":79,"column":159}},"79":{"start":{"line":80,"column":0},"end":{"line":80,"column":81}},"80":{"start":{"line":81,"column":0},"end":{"line":81,"column":22}},"82":{"start":{"line":83,"column":0},"end":{"line":83,"column":9}},"83":{"start":{"line":84,"column":0},"end":{"line":84,"column":16}},"84":{"start":{"line":85,"column":0},"end":{"line":85,"column":16}},"85":{"start":{"line":86,"column":0},"end":{"line":86,"column":33}},"86":{"start":{"line":87,"column":0},"end":{"line":87,"column":26}},"87":{"start":{"line":88,"column":0},"end":{"line":88,"column":93}},"88":{"start":{"line":89,"column":0},"end":{"line":89,"column":43}},"89":{"start":{"line":90,"column":0},"end":{"line":90,"column":14}},"91":{"start":{"line":92,"column":0},"end":{"line":92,"column":6}},"94":{"start":{"line":95,"column":0},"end":{"line":95,"column":26}},"95":{"start":{"line":96,"column":0},"end":{"line":96,"column":16}},"96":{"start":{"line":97,"column":0},"end":{"line":97,"column":121}},"97":{"start":{"line":98,"column":0},"end":{"line":98,"column":111}},"98":{"start":{"line":99,"column":0},"end":{"line":99,"column":55}},"99":{"start":{"line":100,"column":0},"end":{"line":100,"column":65}},"100":{"start":{"line":101,"column":0},"end":{"line":101,"column":108}},"101":{"start":{"line":102,"column":0},"end":{"line":102,"column":26}},"102":{"start":{"line":103,"column":0},"end":{"line":103,"column":52}},"103":{"start":{"line":104,"column":0},"end":{"line":104,"column":31}},"104":{"start":{"line":105,"column":0},"end":{"line":105,"column":62}},"105":{"start":{"line":106,"column":0},"end":{"line":106,"column":165}},"106":{"start":{"line":107,"column":0},"end":{"line":107,"column":25}},"108":{"start":{"line":109,"column":0},"end":{"line":109,"column":33}},"109":{"start":{"line":110,"column":0},"end":{"line":110,"column":31}},"110":{"start":{"line":111,"column":0},"end":{"line":111,"column":65}},"111":{"start":{"line":112,"column":0},"end":{"line":112,"column":198}},"112":{"start":{"line":113,"column":0},"end":{"line":113,"column":25}},"114":{"start":{"line":115,"column":0},"end":{"line":115,"column":33}},"115":{"start":{"line":116,"column":0},"end":{"line":116,"column":26}},"116":{"start":{"line":117,"column":0},"end":{"line":117,"column":22}},"117":{"start":{"line":118,"column":0},"end":{"line":118,"column":18}},"119":{"start":{"line":120,"column":0},"end":{"line":120,"column":5}},"121":{"start":{"line":122,"column":0},"end":{"line":122,"column":12}},"122":{"start":{"line":123,"column":0},"end":{"line":123,"column":117}},"123":{"start":{"line":124,"column":0},"end":{"line":124,"column":68}},"124":{"start":{"line":125,"column":0},"end":{"line":125,"column":59}},"126":{"start":{"line":127,"column":0},"end":{"line":127,"column":55}},"127":{"start":{"line":128,"column":0},"end":{"line":128,"column":73}},"128":{"start":{"line":129,"column":0},"end":{"line":129,"column":69}},"129":{"start":{"line":130,"column":0},"end":{"line":130,"column":115}},"130":{"start":{"line":131,"column":0},"end":{"line":131,"column":30}},"131":{"start":{"line":132,"column":0},"end":{"line":132,"column":26}},"134":{"start":{"line":135,"column":0},"end":{"line":135,"column":75}},"135":{"start":{"line":136,"column":0},"end":{"line":136,"column":49}},"136":{"start":{"line":137,"column":0},"end":{"line":137,"column":35}},"137":{"start":{"line":138,"column":0},"end":{"line":138,"column":47}},"138":{"start":{"line":139,"column":0},"end":{"line":139,"column":67}},"139":{"start":{"line":140,"column":0},"end":{"line":140,"column":115}},"140":{"start":{"line":141,"column":0},"end":{"line":141,"column":67}},"141":{"start":{"line":142,"column":0},"end":{"line":142,"column":85}},"142":{"start":{"line":143,"column":0},"end":{"line":143,"column":120}},"143":{"start":{"line":144,"column":0},"end":{"line":144,"column":35}},"145":{"start":{"line":146,"column":0},"end":{"line":146,"column":73}},"146":{"start":{"line":147,"column":0},"end":{"line":147,"column":43}},"147":{"start":{"line":148,"column":0},"end":{"line":148,"column":37}},"148":{"start":{"line":149,"column":0},"end":{"line":149,"column":27}},"149":{"start":{"line":150,"column":0},"end":{"line":150,"column":26}},"152":{"start":{"line":153,"column":0},"end":{"line":153,"column":65}},"154":{"start":{"line":155,"column":0},"end":{"line":155,"column":79}},"155":{"start":{"line":156,"column":0},"end":{"line":156,"column":48}},"156":{"start":{"line":157,"column":0},"end":{"line":157,"column":59}},"157":{"start":{"line":158,"column":0},"end":{"line":158,"column":88}},"158":{"start":{"line":159,"column":0},"end":{"line":159,"column":68}},"159":{"start":{"line":160,"column":0},"end":{"line":160,"column":69}},"160":{"start":{"line":161,"column":0},"end":{"line":161,"column":
[...]
2,"column":26}},"52":{"start":{"line":53,"column":0},"end":{"line":53,"column":40}},"53":{"start":{"line":54,"column":0},"end":{"line":54,"column":36}},"54":{"start":{"line":55,"column":0},"end":{"line":55,"column":41}},"56":{"start":{"line":57,"column":0},"end":{"line":57,"column":14}},"57":{"start":{"line":58,"column":0},"end":{"line":58,"column":13}},"58":{"start":{"line":59,"column":0},"end":{"line":59,"column":32}},"59":{"start":{"line":60,"column":0},"end":{"line":60,"column":26}},"60":{"start":{"line":61,"column":0},"end":{"line":61,"column":36}},"61":{"start":{"line":62,"column":0},"end":{"line":62,"column":35}},"62":{"start":{"line":63,"column":0},"end":{"line":63,"column":37}},"64":{"start":{"line":65,"column":0},"end":{"line":65,"column":14}},"65":{"start":{"line":66,"column":0},"end":{"line":66,"column":13}},"66":{"start":{"line":67,"column":0},"end":{"line":67,"column":35}},"67":{"start":{"line":68,"column":0},"end":{"line":68,"column":26}},"68":{"start":{"line":69,"column":0},"end":{"line":69,"column":36}},"69":{"start":{"line":70,"column":0},"end":{"line":70,"column":40}},"70":{"start":{"line":71,"column":0},"end":{"line":71,"column":37}},"72":{"start":{"line":73,"column":0},"end":{"line":73,"column":14}},"73":{"start":{"line":74,"column":0},"end":{"line":74,"column":13}},"74":{"start":{"line":75,"column":0},"end":{"line":75,"column":37}},"75":{"start":{"line":76,"column":0},"end":{"line":76,"column":26}},"76":{"start":{"line":77,"column":0},"end":{"line":77,"column":36}},"77":{"start":{"line":78,"column":0},"end":{"line":78,"column":42}},"78":{"start":{"line":79,"column":0},"end":{"line":79,"column":37}},"80":{"start":{"line":81,"column":0},"end":{"line":81,"column":14}},"81":{"start":{"line":82,"column":0},"end":{"line":82,"column":13}},"82":{"start":{"line":83,"column":0},"end":{"line":83,"column":29}},"83":{"start":{"line":84,"column":0},"end":{"line":84,"column":26}},"84":{"start":{"line":85,"column":0},"end":{"line":85,"column":36}},"85":{"start":{"line":86,"column":0},"end":{"line":86,"column":32}},"86":{"start":{"line":87,"column":0},"end":{"line":87,"column":37}},"88":{"start":{"line":89,"column":0},"end":{"line":89,"column":14}},"89":{"start":{"line":90,"column":0},"end":{"line":90,"column":13}},"90":{"start":{"line":91,"column":0},"end":{"line":91,"column":38}},"91":{"start":{"line":92,"column":0},"end":{"line":92,"column":26}},"92":{"start":{"line":93,"column":0},"end":{"line":93,"column":36}},"93":{"start":{"line":94,"column":0},"end":{"line":94,"column":40}},"94":{"start":{"line":95,"column":0},"end":{"line":95,"column":37}},"96":{"start":{"line":97,"column":0},"end":{"line":97,"column":14}},"97":{"start":{"line":98,"column":0},"end":{"line":98,"column":13}},"98":{"start":{"line":99,"column":0},"end":{"line":99,"column":35}},"99":{"start":{"line":100,"column":0},"end":{"line":100,"column":26}},"100":{"start":{"line":101,"column":0},"end":{"line":101,"column":36}},"101":{"start":{"line":102,"column":0},"end":{"line":102,"column":37}},"102":{"start":{"line":103,"column":0},"end":{"line":103,"column":37}},"104":{"start":{"line":105,"column":0},"end":{"line":105,"column":14}},"105":{"start":{"line":106,"column":0},"end":{"line":106,"column":13}},"106":{"start":{"line":107,"column":0},"end":{"line":107,"column":41}},"107":{"start":{"line":108,"column":0},"end":{"line":108,"column":26}},"108":{"start":{"line":109,"column":0},"end":{"line":109,"column":36}},"109":{"start":{"line":110,"column":0},"end":{"line":110,"column":39}},"110":{"start":{"line":111,"column":0},"end":{"line":111,"column":37}},"112":{"start":{"line":113,"column":0},"end":{"line":113,"column":14}},"113":{"start":{"line":114,"column":0},"end":{"line":114,"column":13}},"114":{"start":{"line":115,"column":0},"end":{"line":115,"column":31}},"115":{"start":{"line":116,"column":0},"end":{"line":116,"column":26}},"116":{"start":{"line":117,"column":0},"end":{"line":117,"column":36}},"117":{"start":{"line":118,"column":0},"end":{"line":118,"column":37}},"118":{"start":{"line":119,"column":0},"end":{"line":119,"column":37}},"120":{"start":{"line":121,"column":0},"end":{"line":121,"column":14}},"121":{"start":{"line":122,"column":0},"end":{"line":122,"column":13}},"122":{"start":{"line":123,"column":0},"end":{"line":123,"column":30}},"123":{"start":{"line":124,"column":0},"end":{"line":124,"column":26}},"124":{"start":{"line":125,"column":0},"end":{"line":125,"column":36}},"125":{"start":{"line":126,"column":0},"end":{"line":126,"column":42}},"126":{"start":{"line":127,"column":0},"end":{"line":127,"column":37}},"128":{"start":{"line":129,"column":0},"end":{"line":129,"column":14}},"129":{"start":{"line":130,"column":0},"end":{"line":130,"column":13}},"130":{"start":{"line":131,"column":0},"end":{"line":131,"column":34}},"131":{"start":{"line":132,"column":0},"end":{"line":132,"column":26}},"132":{"start":{"line":133,"column":0},"end":{"line":133,"column":36}},"133":{"start":{"line":134,"column":0},"end":{"line":134,"column":44}},"134":{"start":{"line":135,"column":0},"end":{"line":135,"column":37}},"136":{"start":{"line":137,"column":0},"end":{"line":137,"column":14}},"137":{"start":{"line":138,"column":0},"end":{"line":138,"column":13}},"138":{"start":{"line":139,"column":0},"end":{"line":139,"column":37}},"139":{"start":{"line":140,"column":0},"end":{"line":140,"column":26}},"140":{"start":{"line":141,"column":0},"end":{"line":141,"column":36}},"141":{"start":{"line":142,"column":0},"end":{"line":142,"column":44}},"142":{"start":{"line":143,"column":0},"end":{"line":143,"column":37}},"144":{"start":{"line":145,"column":0},"end":{"line":145,"column":14}},"145":{"start":{"line":146,"column":0},"end":{"line":146,"column":13}},"146":{"start":{"line":147,"column":0},"end":{"line":147,"column":31}},"147":{"start":{"line":148,"column":0},"end":{"line":148,"column":26}},"148":{"start":{"line":149,"column":0},"end":{"line":149,"column":71}},"149":{"start":{"line":150,"column":0},"end":{"line":150,"column":43}},"150":{"start":{"line":151,"column":0},"end":{"line":151,"column":37}},"152":{"start":{"line":153,"column":0},"end":{"line":153,"column":14}},"153":{"start":{"line":154,"column":0},"end":{"line":154,"column":13}},"154":{"start":{"line":155,"column":0},"end":{"line":155,"column":37}},"155":{"start":{"line":156,"column":0},"end":{"line":156,"column":26}},"156":{"start":{"line":157,"column":0},"end":{"line":157,"column":71}},"157":{"start":{"line":158,"column":0},"end":{"line":158,"column":39}},"158":{"start":{"line":159,"column":0},"end":{"line":159,"column":37}},"160":{"start":{"line":161,"column":0},"end":{"line":161,"column":14}},"161":{"start":{"line":162,"column":0},"end":{"line":162,"column":13}},"162":{"start":{"line":163,"column":0},"end":{"line":163,"column":47}},"163":{"start":{"line":164,"column":0},"end":{"line":164,"column":26}},"164":{"start":{"line":165,"column":0},"end":{"line":165,"column":71}},"165":{"start":{"line":166,"column":0},"end":{"line":166,"column":42}},"166":{"start":{"line":167,"column":0},"end":{"line":167,"column":37}},"168":{"start":{"line":169,"column":0},"end":{"line":169,"column":14}},"169":{"start":{"line":170,"column":0},"end":{"line":170,"column":13}},"170":{"start":{"line":171,"column":0},"end":{"line":171,"column":47}},"171":{"start":{"line":172,"column":0},"end":{"line":172,"column":26}},"172":{"start":{"line":173,"column":0},"end":{"line":173,"column":71}},"173":{"start":{"line":174,"column":0},"end":{"line":174,"column":44}},"174":{"start":{"line":175,"column":0},"end":{"line":175,"column":37}},"176":{"start":{"line":177,"column":0},"end":{"line":177,"column":14}},"177":{"start":{"line":178,"column":0},"end":{"line":178,"column":13}},"178":{"start":{"line":179,"column":0},"end":{"line":179,"column":58}},"179":{"start":{"line":180,"column":0},"end":{"line":180,"column":26}},"180":{"start":{"line":181,"column":0},"end":{"line":181,"column":71}},"181":{"start":{"line":182,"column":0},"end":{"line":182,"column":42}},"182":{"start":{"line":183,"column":0},"end":{"line":183,"column":37}},"184":{"start":{"line":185,"column":0},"end":{"line":185,"column":14}},"185":{"start":{"line":186,"column":0},"end":{"line":186,"column":13}},"186":{"start":{"line":187,"column":0},"end":{"line":187,"column":43}},"187":{"start":{"line":188,"column":0},"end":{"line":188,"column":26}},"188":{"start":{"line":189,"column":0},"end":{"line":189,"column":71}},"189":{"start":{"line":190,"column":0},"end":{"line":190,"column":41}},"190":{"start":{"line":191,"column":0},"end":{"line":191,"column":37}},"192":{"start":{"line":193,"column":0},"end":{"line":193,"column":14}},"194":{"start":{"line":195,"column":0},"end":{"line":195,"column":13}},"195":{"start":{"line":196,"column":0},"end":{"line":196,"column":30}},"196":{"start":{"line":197,"column":0},"end":{"line":197,"column":26}},"197":{"start":{"line":198,"column":0},"end":{"line":198,"column":61}},"198":{"start":{"line":199,"column":0},"end":{"line":199,"column":42}},"199":{"start":{"line":200,"column":0},"end":{"line":200,"column":37}},"201":{"start":{"line":202,"column":0},"end":{"line":202,"column":14}},"202":{"start":{"line":203,"column":0},"end":{"line":203,"column":13}},"203":{"start":{"line":204,"column":0},"end":{"line":204,"column":38}},"204":{"start":{"line":205,"column":0},"end":{"line":205,"column":26}},"205":{"start":{"line":206,"column":0},"end":{"line":206,"column":36}},"206":{"start":{"line":207,"column":0},"end":{"line":207,"column":40}},"207":{"start":{"line":208,"column":0},"end":{"line":208,"column":37}},"209":{"start":{"line":210,"column":0},"end":{"line":210,"column":14}},"210":{"start":{"line":211,"column":0},"end":{"line":211,"column":13}},"211":{"start":{"line":212,"column":0},"end":{"line":212,"column":34}},"212":{"start":{"line":213,"column":0},"end":{"line":213,"column":26}},"213":{"start":{"line":214,"column":0},"end":{"line":214,"column":36}},"214":{"start":{"line":215,"column":0},"end":{"line":215,"column":37}},"215":{"start":{"line":216,"column":0},"end":{"line":216,"column":37}},"217":{"start":{"line":218,"column":0},"end":{"line":218,"column":14}},"218":{"start":{"line":219,"column":0},"end":{"line":219,"column":13}},"219":{"start":{"line":220,"column":0},"end":{"line":220,"column":38}},"220":{"start":{"line":221,"column":0},"end":{"line":221,"column":26}},"221":{"start":{"line":222,"column":0},"end":{"line":222,"column":61}},"222":{"start":{"line":223,"column":0},"end":{"line":223,"column":40}},"223":{"start":{"line":224,"column":0},"end":{"line":224,"column":37}},"225":{"start":{"line":226,"column":0},"end":{"line":226,"column":13}},"226":{"start":{"line":227,"column":0},"end":{"line":227,"column":9}},"227":{"start":{"line":228,"column":0},"end":{"line":228,"column":5}},"228":{"start":{"line":229,"column":0},"end":{"line":229,"column":3}},"230":{"start":{"line":231,"column":0},"end":{"line":231,"column":22}}},"s":{"0":0,"1":0,"2":0,"3":0,"4":0,"5":0,"6":0,"7":0,"8":0,"9":0,"10":0,"11":0,"12":0,"13":0,"14":0,"15":0,"16":0,"17":0,"18":0,"19":0,"20":0,"21":0,"22":0,"23":0,"24":0,"25":0,"26":0,"27":0,"31":0,"32":0,"33":0,"34":0,"35":0,"36":0,"37":0,"38":0,"39":0,"40":0,"41":0,"42":0,"43":0,"44":0,"45":0,"46":0,"48":0,"49":0,"50":0,"51":0,"52":0,"53":0,"54":0,"56":0,"57":0,"58":0,"59":0,"60":0,"61":0,"62":0,"64":0,"65":0,"66":0,"67":0,"68":0,"69":0,"70":0,"72":0,"73":0,"74":0,"75":0,"76":0,"77":0,"78":0,"80":0,"81":0,"82":0,"83":0,"84":0,"85":0,"86":0,"88":0,"89":0,"90":0,"91":0,"92":0,"93":0,"94":0,"96":0,"97":0,"98":0,"99":0,"100":0,"101":0,"102":0,"104":0,"105":0,"106":0,"107":0,"108":0,"109":0,"110":0,"112":0,"113":0,"114":0,"115":0,"116":0,"117":0,"118":0,"120":0,"121":0,"122":0,"123":0,"124":0,"125":0,"126":0,"128":0,"129":0,"130":0,"131":0,"132":0,"133":0,"134":0,"136":0,"137":0,"138":0,"139":0,"140":0,"141":0,"142":0,"144":0,"145":0,"146":0,"147":0,"148":0,"149":0,"150":0,"152":0,"153":0,"154":0,"155":0,"156":0,"157":0,"158":0,"160":0,"161":0,"162":0,"163":0,"164":0,"165":0,"166":0,"168":0,"169":0,"170":0,"171":0,"172":0,"173":0,"174":0,"176":0,"177":0,"178":0,"179":0,"180":0,"181":0,"182":0,"184":0,"185":0,"186":0,"187":0,"188":0,"189":0,"190":0,"192":0,"194":0,"195":0,"196":0,"197":0,"198":0,"199":0,"201":0,"202":0,"203":0,"204":0,"205":0,"206":0,"207":0,"209":0,"210":0,"211":0,"212":0,"213":0,"214":0,"215":0,"217":0,"218":0,"219":0,"220":0,"221":0,"222":0,"223":0,"225":0,"226":0,"227":0,"228":0,"230":0},"branchMap":{"0":{"type":"branch","line":1,"loc":{"start":{"line":1,"column":7667},"end":{"line":231,"column":22}},"locations":[{"start":{"line":1,"column":7667},"end":{"line":231,"column":22}}]}},"b":{"0":[0]},"fnMap":{"0":{"name":"(empty-report)","decl":{"start":{"line":1,"column":7667},"end":{"line":231,"column":22}},"loc":{"start":{"line":1,"column":7667},"end":{"line":231,"column":22}},"line":1}},"f":{"0":0}}
,"D:\\86198\\Web\\blindboxmall-fronted\\src\\router\\routerGuards.jsx": {"path":"D:\\86198\\Web\\blindboxmall-fronted\\src\\router\\routerGuards.jsx","all":true,"statementMap":{"0":{"start":{"line":1,"column":0},"end":{"line":1,"column":26}},"1":{"start":{"line":2,"column":0},"end":{"line":2,"column":44}},"3":{"start":{"line":4,"column":0},"end":{"line":4,"column":68}},"4":{"start":{"line":5,"column":0},"end":{"line":5,"column":96}},"5":{"start":{"line":6,"column":0},"end":{"line":6,"column":48}},"7":{"start":{"line":8,"column":0},"end":{"line":8,"column":26}},"8":{"start":{"line":9,"column":0},"end":{"line":9,"column":48}},"9":{"start":{"line":10,"column":0},"end":{"line":10,"column":5}},"11":{"start":{"line":12,"column":0},"end":{"line":12,"column":71}},"12":{"start":{"line":13,"column":0},"end":{"line":13,"column":28}},"13":{"start":{"line":14,"column":0},"end":{"line":14,"column":25}},"14":{"start":{"line":15,"column":0},"end":{"line":15,"column":56}},"15":{"start":{"line":16,"column":0},"end":{"line":16,"column":26}},"16":{"start":{"line":17,"column":0},"end":{"line":17,"column":57}},"17":{"start":{"line":18,"column":0},"end":{"line":18,"column":28}},"18":{"start":{"line":19,"column":0},"end":{"line":19,"column":20}},"19":{"start":{"line":20,"column":0},"end":{"line":20,"column":61}},"20":{"start":{"line":21,"column":0},"end":{"line":21,"column":9}},"21":{"start":{"line":22,"column":0},"end":{"line":22,"column":5}},"23":{"start":{"line":24,"column":0},"end":{"line":24,"column":20}},"24":{"start":{"line":25,"column":0},"end":{"line":25,"column":2}},"26":{"start":{"line":27,"column":0},"end":{"line":27,"column":53}},"27":{"start":{"line":28,"column":0},"end":{"line":28,"column":96}},"28":{"start":{"line":29,"column":0},"end":{"line":29,"column":48}},"30":{"start":{"line":31,"column":0},"end":{"line":31,"column":24}},"31":{"start":{"line":32,"column":0},"end":{"line":32,"column":28}},"32":{"start":{"line":33,"column":0},"end":{"line":33,"column":25}},"33":{"start":{"line":34,"column":0},"end":{"line":34,"column":56}},"34":{"start":{"line":35,"column":0},"end":{"line":35,"column":26}},"35":{"start":{"line":36,"column":0},"end":{"line":36,"column":57}},"36":{"start":{"line":37,"column":0},"end":{"line":37,"column":28}},"37":{"start":{"line":38,"column":0},"end":{"line":38,"column":20}},"38":{"start":{"line":39,"column":0},"end":{"line":39,"column":61}},"39":{"start":{"line":40,"column":0},"end":{"line":40,"column":9}},"40":{"start":{"line":41,"column":0},"end":{"line":41,"column":5}},"42":{"start":{"line":43,"column":0},"end":{"line":43,"column":20}},"43":{"start":{"line":44,"column":0},"end":{"line":44,"column":2}}},"s":{"0":0,"1":0,"3":0,"4":0,"5":0,"7":0,"8":0,"9":0,"11":0,"12":0,"13":0,"14":0,"15":0,"16":0,"17":0,"18":0,"19":0,"20":0,"21":0,"23":0,"24":0,"26":0,"27":0,"28":0,"30":0,"31":0,"32":0,"33":0,"34":0,"35":0,"36":0,"37":0,"38":0,"39":0,"40":0,"42":0,"43":0},"branchMap":{"0":{"type":"branch","line":1,"loc":{"start":{"line":1,"column":1413},"end":{"line":44,"column":2}},"locations":[{"start":{"line":1,"column":1413},"end":{"line":44,"column":2}}]}},"b":{"0":[0]},"fnMap":{"0":{"name":"(empty-report)","decl":{"start":{"line":1,"column":1413},"end":{"line":44,"column":2}},"loc":{"start":{"line":1,"column":1413},"end":{"line":44,"column":2}},"line":1}},"f":{"0":0}}
,"D:\\86198\\Web\\blindboxmall-fronted\\src\\utils\\axios.js": {"path":"D:\\86198\\Web\\blindboxmall-fronted\\src\\utils\\axios.js","all":true,"statementMap":{"0":{"start":{"line":1,"column":0},"end":{"line":1,"column":26}},"1":{"start":{"line":2,"column":0},"end":{"line":2,"column":0}},"2":{"start":{"line":3,"column":0},"end":{"line":3,"column":14}},"3":{"start":{"line":4,"column":0},"end":{"line":4,"column":87}},"4":{"start":{"line":5,"column":0},"end":{"line":5,"column":0}},"5":{"start":{"line":6,"column":0},"end":{"line":6,"column":12}},"6":{"start":{"line":7,"column":0},"end":{"line":7,"column":26}},"7":{"start":{"line":8,"column":0},"end":{"line":8,"column":35}},"8":{"start":{"line":9,"column":0},"end":{"line":9,"column":17}},"9":{"start":{"line":10,"column":0},"end":{"line":10,"column":3}},"10":{"start":{"line":11,"column":0},"end":{"line":11,"column":0}},"11":{"start":{"line":12,"column":0},"end":{"line":12,"column":20}},"12":{"start":{"line":13,"column":0},"end":{"line":13,"column":29}},"13":{"start":{"line":14,"column":0},"end":{"line":14,"column":15}},"14":{"start":{"line":15,"column":0},"end":{"line":15,"column":20}},"15":{"start":{"line":16,"column":0},"end":{"line":16,"column":50}},"16":{"start":{"line":17,"column":0},"end":{"line":17,"column":18}},"17":{"start":{"line":18,"column":0},"end":{"line":18,"column":57}},"18":{"start":{"line":19,"column":0},"end":{"line":19,"column":7}},"19":{"start":{"line":20,"column":0},"end":{"line":20,"column":5}},"20":{"start":{"line":21,"column":0},"end":{"line":21,"column":18}},"21":{"start":{"line":22,"column":0},"end":{"line":22,"column":4}},"22":{"start":{"line":23,"column":0},"end":{"line":23,"column":14}},"23":{"start":{"line":24,"column":0},"end":{"line":24,"column":33}},"24":{"start":{"line":25,"column":0},"end":{"line":25,"column":3}},"25":{"start":{"line":26,"column":0},"end":{"line":26,"column":2}},"26":{"start":{"line":27,"column":0},"end":{"line":27,"column":0}},"27":{"start":{"line":28,"column":0},"end":{"line":28,"column":15}},"28":{"start":{"line":29,"column":0},"end":{"line":29,"column":30}},"29":{"start":{"line":30,"column":0},"end":{"line":30,"column":17}},"30":{"start":{"line":31,"column":0},"end":{"line":31,"column":20}},"31":{"start":{"line":32,"column":0},"end":{"line":32,"column":4}},"32":{"start":{"line":33,"column":0},"end":{"line":33,"column":14}},"33":{"start":{"line":34,"column":0},"end":{"line":34,"column":54}},"34":{"start":{"line":35,"column":0},"end":{"line":35,"column":33}},"35":{"start":{"line":36,"column":0},"end":{"line":36,"column":39}},"36":{"start":{"line":37,"column":0},"end":{"line":37,"column":38}},"37":{"start":{"line":38,"column":0},"end":{"line":38,"column":38}},"38":{"start":{"line":39,"column":0},"end":{"line":39,"column":5}},"39":{"start":{"line":40,"column":0},"end":{"line":40,"column":33}},"40":{"start":{"line":41,"column":0},"end":{"line":41,"column":3}},"41":{"start":{"line":42,"column":0},"end":{"line":42,"column":2}},"42":{"start":{"line":43,"column":0},"end":{"line":43,"column":0}},"43":{"start":{"line":44,"column":0},"end":{"line":44,"column":19}}},"s":{"0":0,"1":0,"2":0,"3":0,"4":0,"5":0,"6":0,"7":0,"8":0,"9":0,"10":0,"11":0,"12":0,"13":0,"14":0,"15":0,"16":0,"17":0,"18":0,"19":0,"20":0,"21":0,"22":0,"23":0,"24":0,"25":0,"26":0,"27":0,"28":0,"29":0,"30":0,"31":0,"32":0,"33":0,"34":0,"35":0,"36":0,"37":0,"38":0,"39":0,"40":0,"41":0,"42":0,"43":0},"branchMap":{"0":{"type":"branch","line":1,"loc":{"start":{"line":1,"column":965},"end":{"line":44,"column":19}},"locations":[{"start":{"line":1,"column":965},"end":{"line":44,"column":19}}]}},"b":{"0":[0]},"fnMap":{"0":{"name":"(empty-report)","decl":{"start":{"line":1,"column":965},"end":{"line":44,"column":19}},"loc":{"start":{"line":1,"column":965},"end":{"line":44,"column":19}},"line":1}},"f":{"0":0}}
}
